TN:
SF:src\components\analytics\ABTestCard.jsx
FN:33,formatRelativeTime
FN:51,ABTestCard
FNF:2
FNH:0
FNDA:0,formatRelativeTime
FNDA:0,ABTestCard
DA:1,1
DA:19,1
DA:20,1
DA:21,1
DA:22,1
DA:23,1
DA:24,1
DA:25,1
DA:27,1
DA:28,1
DA:29,1
DA:30,1
DA:31,1
DA:33,0
DA:34,0
DA:35,0
DA:36,0
DA:37,0
DA:38,0
DA:39,0
DA:40,0
DA:41,0
DA:42,0
DA:43,0
DA:44,0
DA:45,0
DA:46,0
DA:47,0
DA:48,0
DA:49,0
DA:51,0
DA:52,0
DA:53,0
DA:54,0
DA:55,0
DA:56,0
DA:57,0
DA:58,0
DA:59,0
DA:60,0
DA:61,0
DA:62,0
DA:63,0
DA:64,0
DA:65,0
DA:66,0
DA:68,0
DA:69,0
DA:70,0
DA:71,0
DA:72,0
DA:73,0
DA:74,0
DA:75,0
DA:76,0
DA:77,0
DA:78,0
DA:80,0
DA:81,0
DA:82,0
DA:83,0
DA:84,0
DA:85,0
DA:86,0
DA:87,0
DA:88,0
DA:90,0
DA:91,0
DA:92,0
DA:93,0
DA:94,0
DA:95,0
DA:96,0
DA:97,0
DA:98,0
DA:99,0
DA:101,0
DA:102,0
DA:103,0
DA:104,0
DA:105,0
DA:106,0
DA:107,0
DA:110,0
DA:111,0
DA:112,0
DA:113,0
DA:114,0
DA:115,0
DA:116,0
DA:117,0
DA:118,0
DA:120,0
DA:121,0
DA:122,0
DA:123,0
DA:124,0
DA:125,0
DA:126,0
DA:128,0
DA:129,0
DA:130,0
DA:131,0
DA:132,0
DA:134,0
DA:136,0
DA:138,0
DA:139,0
DA:140,0
DA:141,0
DA:142,0
DA:143,0
DA:145,0
DA:146,0
DA:148,0
DA:149,0
DA:150,0
DA:151,0
DA:153,0
DA:154,0
DA:155,0
DA:156,0
DA:157,0
DA:158,0
DA:159,0
DA:161,0
DA:162,0
DA:164,0
DA:166,0
DA:167,0
DA:168,0
DA:169,0
DA:170,0
DA:171,0
DA:172,0
DA:173,0
DA:174,0
DA:175,0
DA:178,0
DA:179,0
DA:180,0
DA:183,0
DA:184,0
DA:185,0
DA:186,0
DA:187,0
DA:188,0
DA:189,0
DA:190,0
DA:191,0
DA:192,0
DA:194,0
DA:195,0
DA:196,0
DA:197,0
DA:198,0
DA:199,0
DA:200,0
DA:201,0
DA:203,0
DA:204,0
DA:206,0
DA:207,0
DA:209,0
DA:211,0
DA:215,0
DA:216,0
DA:217,0
DA:218,0
DA:219,0
DA:220,0
DA:221,0
DA:222,0
DA:223,0
DA:225,0
DA:226,0
DA:228,0
DA:229,0
DA:231,0
DA:233,0
DA:234,0
DA:235,0
DA:236,0
DA:237,0
DA:238,0
DA:239,0
DA:241,0
DA:242,0
DA:244,0
DA:245,0
DA:247,0
DA:249,0
DA:250,0
DA:251,0
DA:252,0
DA:253,0
DA:254,0
DA:255,0
DA:257,0
DA:258,0
DA:260,0
DA:261,0
DA:263,0
DA:265,0
DA:266,0
DA:267,0
DA:268,0
DA:269,0
DA:270,0
DA:271,0
DA:273,0
DA:274,0
DA:276,0
DA:278,0
DA:279,0
DA:280,0
DA:282,0
DA:284,0
LF:218
LH:13
BRF:0
BRH:0
end_of_record
TN:
SF:src\components\analytics\ABTestList.jsx
FN:23,ABTestList
FN:49,handleRotate
FN:59,handlePause
FN:68,handleResume
FN:77,handleStop
FN:107,onClick
FNF:6
FNH:1
FNDA:14,ABTestList
FNDA:0,handleRotate
FNDA:0,handlePause
FNDA:0,handleResume
FNDA:0,handleStop
FNDA:0,onClick
DA:1,1
DA:16,1
DA:17,1
DA:18,1
DA:19,1
DA:20,1
DA:21,1
DA:23,14
DA:24,14
DA:26,14
DA:27,14
DA:28,14
DA:30,14
DA:31,14
DA:32,14
DA:33,14
DA:34,14
DA:36,14
DA:37,14
DA:38,14
DA:39,0
DA:40,0
DA:41,14
DA:42,14
DA:44,14
DA:45,14
DA:46,0
DA:47,14
DA:49,14
DA:50,0
DA:51,0
DA:52,0
DA:53,0
DA:54,0
DA:55,0
DA:56,0
DA:57,0
DA:59,14
DA:60,0
DA:61,0
DA:62,0
DA:63,0
DA:64,0
DA:65,0
DA:66,0
DA:68,14
DA:69,0
DA:70,0
DA:71,0
DA:72,0
DA:73,0
DA:74,0
DA:75,0
DA:77,14
DA:78,0
DA:79,0
DA:80,0
DA:81,0
DA:82,0
DA:83,0
DA:84,0
DA:86,14
DA:87,14
DA:89,14
DA:90,14
DA:91,14
DA:92,14
DA:94,14
DA:95,14
DA:96,14
DA:97,14
DA:98,14
DA:99,14
DA:100,14
DA:101,14
DA:102,56
DA:103,56
DA:104,56
DA:105,56
DA:106,56
DA:107,56
DA:108,56
DA:109,56
DA:110,56
DA:111,14
DA:112,42
DA:113,56
DA:114,56
DA:116,56
DA:117,56
DA:119,14
DA:120,14
DA:121,14
DA:124,14
DA:125,11
DA:126,11
DA:127,11
DA:131,14
DA:132,3
DA:133,3
DA:134,3
DA:135,3
DA:136,3
DA:137,3
DA:138,3
DA:142,14
DA:143,0
DA:144,0
DA:145,0
DA:146,0
DA:147,0
DA:151,14
DA:152,0
DA:153,0
DA:154,0
DA:155,0
DA:156,0
DA:157,0
DA:158,0
DA:159,0
DA:160,0
DA:161,0
DA:162,0
DA:163,0
DA:164,0
DA:165,0
DA:166,0
DA:167,0
DA:168,0
DA:169,0
DA:170,0
DA:171,0
DA:173,14
DA:175,14
LF:134
LH:77
BRDA:23,0,0,14
BRDA:97,1,0,0
BRDA:124,2,0,11
BRDA:131,3,0,3
BRDA:131,4,0,3
BRDA:142,5,0,3
BRDA:142,6,0,0
BRDA:142,7,0,0
BRDA:151,8,0,3
BRDA:151,9,0,0
BRDA:36,10,0,14
BRDA:38,11,0,0
BRDA:44,12,0,14
BRDA:45,13,0,0
BRDA:101,14,0,56
BRDA:103,15,0,14
BRDA:103,16,0,42
BRDA:110,17,0,14
BRDA:111,18,0,42
BRDA:116,19,0,0
BRF:20
BRH:13
end_of_record
TN:
SF:src\components\analytics\ABTestVariantComparison.jsx
FN:10,ABTestVariantComparison
FNF:1
FNH:0
FNDA:0,ABTestVariantComparison
DA:1,1
DA:10,0
DA:11,0
DA:12,0
DA:13,0
DA:14,0
DA:16,0
DA:18,0
DA:20,0
DA:21,0
DA:22,0
DA:23,0
DA:25,0
DA:26,0
DA:28,0
DA:29,0
DA:30,0
DA:31,0
DA:32,0
DA:33,0
DA:34,0
DA:35,0
DA:36,0
DA:39,0
DA:40,0
DA:41,0
DA:42,0
DA:43,0
DA:44,0
DA:45,0
DA:46,0
DA:47,0
DA:48,0
DA:49,0
DA:50,0
DA:51,0
DA:52,0
DA:54,0
DA:55,0
DA:56,0
DA:57,0
DA:58,0
DA:59,0
DA:60,0
DA:61,0
DA:62,0
DA:63,0
DA:64,0
DA:67,0
DA:68,0
DA:69,0
DA:70,0
DA:71,0
DA:72,0
DA:73,0
DA:74,0
DA:75,0
DA:77,0
DA:78,0
DA:79,0
DA:80,0
DA:81,0
DA:83,0
DA:86,0
DA:87,0
DA:88,0
DA:89,0
DA:90,0
DA:91,0
DA:92,0
DA:93,0
DA:94,0
DA:96,0
DA:97,0
DA:98,0
DA:100,0
DA:102,0
DA:103,0
DA:104,0
DA:105,0
DA:106,0
DA:108,0
DA:109,0
DA:110,0
DA:111,0
DA:112,0
DA:113,0
DA:114,0
DA:115,0
DA:116,0
DA:117,0
DA:118,0
DA:119,0
DA:120,0
DA:121,0
DA:122,0
DA:123,0
DA:124,0
DA:125,0
DA:126,0
DA:128,0
DA:129,0
DA:131,0
DA:132,0
DA:133,0
DA:134,0
DA:135,0
DA:136,0
DA:137,0
DA:138,0
DA:139,0
DA:140,0
DA:141,0
DA:142,0
DA:143,0
DA:144,0
DA:146,0
DA:147,0
DA:148,0
DA:149,0
DA:150,0
DA:151,0
DA:153,0
DA:154,0
DA:155,0
DA:157,0
LF:126
LH:1
BRF:0
BRH:0
end_of_record
TN:
SF:src\components\analytics\CostDonut.jsx
FN:12,ChartTooltip
FN:27,CostDonut
FN:102,formatter
FNF:3
FNH:1
FNDA:0,ChartTooltip
FNDA:7,CostDonut
FNDA:0,formatter
DA:1,1
DA:4,1
DA:5,1
DA:6,1
DA:7,1
DA:8,1
DA:9,1
DA:10,1
DA:12,0
DA:13,0
DA:14,0
DA:15,0
DA:16,0
DA:17,0
DA:18,0
DA:19,0
DA:21,0
DA:27,7
DA:28,7
DA:29,0
DA:30,0
DA:31,0
DA:33,0
DA:34,0
DA:35,0
DA:36,0
DA:37,0
DA:38,0
DA:39,0
DA:40,0
DA:41,0
DA:42,0
DA:44,0
DA:46,7
DA:47,7
DA:48,7
DA:49,7
DA:50,7
DA:51,7
DA:52,7
DA:54,7
DA:56,7
DA:57,0
DA:58,0
DA:59,0
DA:61,0
DA:62,0
DA:63,0
DA:64,0
DA:65,0
DA:67,0
DA:69,7
DA:70,7
DA:71,7
DA:73,7
DA:74,7
DA:76,7
DA:77,7
DA:78,7
DA:79,7
DA:80,7
DA:81,7
DA:82,7
DA:83,7
DA:84,7
DA:85,7
DA:86,7
DA:87,7
DA:88,7
DA:89,7
DA:90,7
DA:91,7
DA:92,7
DA:93,7
DA:95,7
DA:96,35
DA:97,7
DA:98,7
DA:99,7
DA:100,7
DA:101,7
DA:102,7
DA:103,0
DA:105,7
DA:106,7
DA:107,7
DA:108,7
DA:109,7
DA:111,7
LF:89
LH:56
BRDA:27,0,0,7
BRDA:28,1,0,0
BRDA:47,2,0,0
BRDA:48,3,0,0
BRDA:49,4,0,0
BRDA:50,5,0,0
BRDA:51,6,0,0
BRDA:56,7,0,0
BRDA:52,8,0,35
BRDA:54,9,0,35
BRDA:95,10,0,35
BRF:11
BRH:4
end_of_record
TN:
SF:src\components\analytics\CostRevenueChart.jsx
FN:19,ChartTooltip
FN:37,CostRevenueChart
FN:56,tickFormatter
FNF:3
FNH:1
FNDA:0,ChartTooltip
FNDA:7,CostRevenueChart
FNDA:0,tickFormatter
DA:1,1
DA:12,1
DA:13,1
DA:14,1
DA:15,1
DA:16,1
DA:17,1
DA:19,0
DA:20,0
DA:21,0
DA:22,0
DA:23,0
DA:24,0
DA:25,0
DA:26,0
DA:27,0
DA:28,0
DA:29,0
DA:31,0
DA:37,7
DA:38,7
DA:39,7
DA:40,7
DA:42,7
DA:43,7
DA:44,7
DA:45,7
DA:46,7
DA:47,7
DA:48,7
DA:49,7
DA:50,7
DA:51,7
DA:52,7
DA:53,7
DA:54,7
DA:55,7
DA:56,7
DA:57,7
DA:58,7
DA:59,7
DA:60,7
DA:61,7
DA:62,7
DA:63,7
DA:64,7
DA:65,7
DA:66,7
DA:67,7
DA:68,7
DA:70,7
LF:51
LH:39
BRDA:37,0,0,7
BRF:1
BRH:1
end_of_record
TN:
SF:src\components\analytics\NicheHealthCard.jsx
FN:50,lineColorFor
FN:65,SparkTooltip
FN:87,NicheHealthCard
FN:99,handleRun
FNF:4
FNH:2
FNDA:8,lineColorFor
FNDA:0,SparkTooltip
FNDA:14,NicheHealthCard
FNDA:0,handleRun
DA:1,1
DA:27,1
DA:28,1
DA:29,1
DA:30,1
DA:31,1
DA:32,1
DA:33,1
DA:34,1
DA:35,1
DA:36,1
DA:37,1
DA:38,1
DA:39,1
DA:40,1
DA:41,1
DA:42,1
DA:43,1
DA:44,1
DA:45,1
DA:46,1
DA:47,1
DA:48,1
DA:50,8
DA:51,8
DA:52,8
DA:53,8
DA:54,8
DA:55,0
DA:56,8
DA:57,0
DA:58,8
DA:59,0
DA:60,8
DA:61,0
DA:62,8
DA:63,8
DA:65,0
DA:66,0
DA:67,0
DA:68,0
DA:69,0
DA:70,0
DA:71,0
DA:72,0
DA:73,0
DA:74,0
DA:75,0
DA:76,0
DA:77,0
DA:79,0
DA:81,0
DA:87,14
DA:89,14
DA:90,14
DA:91,14
DA:92,14
DA:93,14
DA:94,14
DA:95,14
DA:96,14
DA:97,14
DA:99,14
DA:100,0
DA:101,0
DA:102,0
DA:103,0
DA:104,0
DA:105,0
DA:106,0
DA:107,0
DA:108,0
DA:109,0
DA:110,0
DA:112,14
DA:113,14
DA:115,12
DA:116,12
DA:117,12
DA:118,12
DA:119,12
DA:120,0
DA:121,12
DA:122,12
DA:123,14
DA:124,14
DA:126,14
DA:128,14
DA:129,14
DA:130,14
DA:131,10
DA:132,10
DA:133,14
DA:134,14
DA:135,14
DA:136,14
DA:137,10
DA:138,10
DA:140,14
DA:142,14
DA:143,14
DA:144,14
DA:145,14
DA:147,14
DA:149,14
DA:150,14
DA:151,14
DA:152,14
DA:153,14
DA:154,14
DA:155,14
DA:157,14
DA:158,14
DA:159,4
DA:160,4
DA:161,4
DA:162,4
DA:163,4
DA:164,4
DA:165,4
DA:167,14
DA:168,14
DA:169,14
DA:170,14
DA:171,14
DA:172,14
DA:173,14
DA:174,14
DA:175,14
DA:176,4
DA:177,4
DA:179,4
DA:180,4
DA:182,14
DA:183,4
DA:184,4
DA:185,4
DA:186,4
DA:187,0
DA:188,0
DA:189,0
DA:190,4
DA:192,4
DA:193,4
DA:194,0
DA:195,0
DA:197,0
DA:199,4
DA:200,4
DA:201,4
DA:203,14
DA:204,14
DA:205,14
DA:208,14
DA:209,14
DA:210,14
DA:211,14
DA:212,14
DA:213,14
DA:214,14
DA:216,14
DA:217,14
DA:218,14
DA:219,14
DA:220,14
DA:221,14
DA:222,14
DA:225,14
DA:226,14
DA:227,7
DA:228,7
DA:229,7
DA:230,7
DA:231,3
DA:232,3
DA:234,3
DA:235,3
DA:237,4
DA:238,4
DA:239,4
DA:240,4
DA:242,4
DA:243,4
DA:244,4
DA:245,4
DA:246,4
DA:247,4
DA:248,4
DA:249,4
DA:250,4
DA:251,4
DA:252,4
DA:253,4
DA:254,4
DA:255,4
DA:256,4
DA:257,4
DA:258,4
DA:259,4
DA:260,4
DA:262,14
DA:265,14
DA:266,4
DA:267,4
DA:268,4
DA:270,14
DA:272,14
LF:207
LH:170
BRDA:50,0,0,8
BRDA:54,1,0,0
BRDA:56,2,0,0
BRDA:58,3,0,0
BRDA:60,4,0,0
BRDA:87,5,0,14
BRDA:89,6,0,3
BRDA:89,7,0,0
BRDA:91,8,0,11
BRDA:91,9,0,3
BRDA:93,10,0,10
BRDA:126,11,0,4
BRDA:126,12,0,10
BRDA:128,13,0,4
BRDA:128,14,0,10
BRDA:128,15,0,0
BRDA:128,16,0,10
BRDA:130,17,0,4
BRDA:130,18,0,10
BRDA:131,19,0,0
BRDA:131,20,0,10
BRDA:133,21,0,4
BRDA:133,22,0,10
BRDA:134,23,0,4
BRDA:134,24,0,10
BRDA:136,25,0,4
BRDA:136,26,0,10
BRDA:137,27,0,0
BRDA:137,28,0,10
BRDA:140,29,0,4
BRDA:140,30,0,10
BRDA:158,31,0,4
BRDA:171,32,0,10
BRDA:175,33,0,4
BRDA:175,34,0,4
BRDA:182,35,0,4
BRDA:186,36,0,0
BRDA:193,37,0,0
BRDA:199,38,0,0
BRDA:217,39,0,0
BRDA:226,40,0,7
BRDA:229,41,0,7
BRDA:230,42,0,3
BRDA:235,43,0,4
BRDA:265,44,0,4
BRDA:112,45,0,14
BRDA:113,46,0,0
BRDA:113,47,0,12
BRDA:119,48,0,0
BRF:49
BRH:35
end_of_record
TN:
SF:src\components\analytics\PPSAccuracyScatter.jsx
FN:24,pointColor
FN:32,linearRegression
FN:58,ScatterTooltip
FN:96,PPSAccuracyScatter
FNF:4
FNH:0
FNDA:0,pointColor
FNDA:0,linearRegression
FNDA:0,ScatterTooltip
FNDA:0,PPSAccuracyScatter
DA:1,1
DA:17,1
DA:18,1
DA:19,1
DA:20,1
DA:21,1
DA:24,0
DA:25,0
DA:26,0
DA:27,0
DA:28,0
DA:29,0
DA:32,0
DA:33,0
DA:34,0
DA:35,0
DA:36,0
DA:37,0
DA:38,0
DA:39,0
DA:41,0
DA:42,0
DA:44,0
DA:45,0
DA:48,0
DA:49,0
DA:50,0
DA:51,0
DA:52,0
DA:53,0
DA:55,0
DA:56,0
DA:58,0
DA:59,0
DA:60,0
DA:61,0
DA:62,0
DA:63,0
DA:64,0
DA:65,0
DA:66,0
DA:67,0
DA:68,0
DA:69,0
DA:70,0
DA:71,0
DA:72,0
DA:73,0
DA:74,0
DA:75,0
DA:76,0
DA:77,0
DA:78,0
DA:80,0
DA:81,0
DA:82,0
DA:83,0
DA:84,0
DA:85,0
DA:87,0
DA:96,0
DA:97,0
DA:99,0
DA:100,0
DA:101,0
DA:102,0
DA:103,0
DA:104,0
DA:105,0
DA:106,0
DA:107,0
DA:108,0
DA:109,0
DA:110,0
DA:111,0
DA:112,0
DA:113,0
DA:114,0
DA:115,0
DA:116,0
DA:117,0
DA:120,0
DA:121,0
DA:122,0
DA:123,0
DA:124,0
DA:125,0
DA:127,0
DA:128,0
DA:129,0
DA:130,0
DA:131,0
DA:132,0
DA:134,0
DA:137,0
DA:140,0
DA:141,0
DA:142,0
DA:143,0
DA:144,0
DA:145,0
DA:146,0
DA:147,0
DA:148,0
DA:149,0
DA:151,0
DA:152,0
DA:153,0
DA:154,0
DA:156,0
DA:157,0
DA:158,0
DA:159,0
DA:161,0
DA:162,0
DA:163,0
DA:164,0
DA:165,0
DA:166,0
DA:167,0
DA:168,0
DA:169,0
DA:170,0
DA:172,0
DA:173,0
DA:174,0
DA:175,0
DA:176,0
DA:179,0
DA:180,0
DA:181,0
DA:183,0
DA:184,0
DA:185,0
DA:187,0
DA:188,0
DA:189,0
DA:191,0
DA:192,0
DA:194,0
DA:195,0
DA:196,0
DA:197,0
DA:198,0
DA:199,0
DA:200,0
DA:201,0
DA:202,0
DA:203,0
DA:204,0
DA:205,0
DA:206,0
DA:207,0
DA:208,0
DA:209,0
DA:210,0
DA:211,0
DA:212,0
DA:213,0
DA:214,0
DA:215,0
DA:216,0
DA:217,0
DA:218,0
DA:219,0
DA:220,0
DA:221,0
DA:222,0
DA:223,0
DA:224,0
DA:225,0
DA:226,0
DA:227,0
DA:228,0
DA:229,0
DA:230,0
DA:231,0
DA:232,0
DA:233,0
DA:234,0
DA:235,0
DA:236,0
DA:237,0
DA:238,0
DA:239,0
DA:241,0
DA:242,0
DA:243,0
DA:244,0
DA:246,0
LF:190
LH:6
BRF:0
BRH:0
end_of_record
TN:
SF:src\components\analytics\PPSWeightsEditor.jsx
FN:61,formatPct
FN:65,PPSWeightsEditor
FN:93,handleChange
FN:100,handleReset
FN:105,handleSave
FN:119,handleRecalibrate
FN:139,onClick
FNF:7
FNH:1
FNDA:0,formatPct
FNDA:14,PPSWeightsEditor
FNDA:0,handleChange
FNDA:0,handleReset
FNDA:0,handleSave
FNDA:0,handleRecalibrate
FNDA:0,onClick
DA:1,1
DA:19,1
DA:20,1
DA:21,1
DA:22,1
DA:23,1
DA:24,1
DA:25,1
DA:26,1
DA:28,1
DA:29,1
DA:30,1
DA:31,1
DA:32,1
DA:33,1
DA:34,1
DA:35,1
DA:36,1
DA:37,1
DA:38,1
DA:39,1
DA:40,1
DA:41,1
DA:42,1
DA:43,1
DA:44,1
DA:45,1
DA:46,1
DA:47,1
DA:48,1
DA:49,1
DA:50,1
DA:51,1
DA:52,1
DA:53,1
DA:54,1
DA:55,1
DA:56,1
DA:57,1
DA:58,1
DA:59,1
DA:61,0
DA:62,0
DA:63,0
DA:65,14
DA:66,14
DA:67,14
DA:68,14
DA:69,14
DA:71,14
DA:72,14
DA:75,14
DA:76,14
DA:77,0
DA:78,0
DA:79,0
DA:80,0
DA:81,0
DA:82,0
DA:83,14
DA:85,14
DA:86,14
DA:87,14
DA:88,14
DA:89,14
DA:91,14
DA:93,14
DA:95,0
DA:96,0
DA:97,0
DA:98,0
DA:100,14
DA:101,0
DA:102,0
DA:103,0
DA:105,14
DA:106,0
DA:107,0
DA:108,0
DA:109,0
DA:110,0
DA:111,0
DA:112,0
DA:113,0
DA:114,0
DA:115,0
DA:116,0
DA:117,0
DA:119,14
DA:120,0
DA:121,0
DA:122,0
DA:123,0
DA:124,0
DA:125,0
DA:126,0
DA:127,0
DA:128,0
DA:129,0
DA:130,0
DA:132,14
DA:133,14
DA:134,14
DA:135,14
DA:138,14
DA:139,14
DA:140,14
DA:142,14
DA:143,14
DA:144,14
DA:145,14
DA:146,14
DA:147,14
DA:149,14
DA:150,14
DA:152,14
DA:153,14
DA:154,14
DA:155,14
DA:156,14
DA:157,0
DA:158,0
DA:159,0
DA:161,14
DA:162,0
DA:164,14
DA:166,14
DA:167,14
DA:169,14
DA:170,0
DA:171,0
DA:172,0
DA:173,0
DA:174,0
DA:177,0
DA:178,0
DA:181,0
DA:184,0
DA:185,0
DA:186,0
DA:187,0
DA:188,0
DA:189,0
DA:190,0
DA:191,0
DA:192,0
DA:193,0
DA:194,0
DA:195,0
DA:196,0
DA:197,0
DA:198,0
DA:199,0
DA:200,0
DA:201,0
DA:202,0
DA:203,0
DA:204,0
DA:205,0
DA:206,0
DA:207,0
DA:208,0
DA:209,0
DA:210,0
DA:211,0
DA:212,0
DA:213,0
DA:215,0
DA:216,0
DA:219,0
DA:220,0
DA:221,0
DA:222,0
DA:223,0
DA:224,0
DA:225,0
DA:227,0
DA:228,0
DA:229,0
DA:230,0
DA:232,0
DA:234,0
DA:235,0
DA:236,0
DA:237,0
DA:238,0
DA:239,0
DA:241,0
DA:242,0
DA:243,0
DA:244,0
DA:245,0
DA:246,0
DA:247,0
DA:248,0
DA:249,0
DA:250,0
DA:251,0
DA:252,0
DA:254,0
DA:255,0
DA:258,0
DA:259,0
DA:260,0
DA:261,0
DA:262,0
DA:263,0
DA:264,0
DA:266,0
DA:267,0
DA:269,0
DA:270,0
DA:272,0
DA:273,0
DA:274,0
DA:275,0
DA:276,0
DA:277,0
DA:279,0
DA:281,0
DA:282,0
DA:283,0
DA:284,0
DA:285,0
DA:286,0
DA:287,0
DA:289,0
DA:290,0
DA:291,0
DA:293,0
DA:294,0
DA:295,0
DA:297,0
DA:299,14
DA:301,14
LF:235
LH:88
BRDA:65,0,0,14
BRDA:156,1,0,0
BRDA:156,2,0,0
BRDA:161,3,0,0
BRDA:169,4,0,0
BRDA:75,5,0,14
BRDA:76,6,0,0
BRDA:86,7,0,14
BRDA:87,8,0,84
BRDA:87,9,0,0
BRF:10
BRH:4
end_of_record
TN:
SF:src\components\analytics\PerformanceChart.jsx
FN:19,ChartTooltip
FN:38,PerformanceChart
FNF:2
FNH:1
FNDA:0,ChartTooltip
FNDA:7,PerformanceChart
DA:1,1
DA:12,1
DA:13,1
DA:14,1
DA:15,1
DA:16,1
DA:17,1
DA:19,0
DA:20,0
DA:21,0
DA:22,0
DA:23,0
DA:24,0
DA:25,0
DA:26,0
DA:27,0
DA:28,0
DA:29,0
DA:30,0
DA:32,0
DA:38,7
DA:39,7
DA:40,7
DA:41,7
DA:43,7
DA:44,7
DA:45,7
DA:46,7
DA:47,7
DA:48,7
DA:49,7
DA:50,7
DA:51,7
DA:52,7
DA:53,7
DA:54,7
DA:55,7
DA:56,7
DA:57,7
DA:58,7
DA:59,7
DA:60,7
DA:61,7
DA:62,7
DA:63,7
DA:64,7
DA:65,7
DA:66,7
DA:68,7
LF:49
LH:36
BRDA:38,0,0,7
BRF:1
BRH:1
end_of_record
TN:
SF:src\components\analytics\PerformanceTable.jsx
FN:15,parseDurationToSeconds
FN:25,formatDuration
FN:32,formatDate
FN:56,PerformanceTable
FN:62,handleSort
FN:181,onClick
FN:208,onClick
FNF:7
FNH:4
FNDA:14,parseDurationToSeconds
FNDA:14,formatDuration
FNDA:14,formatDate
FNDA:7,PerformanceTable
FNDA:0,handleSort
FNDA:0,onClick
FNDA:0,onClick
DA:1,1
DA:15,14
DA:16,14
DA:17,14
DA:18,14
DA:19,14
DA:20,14
DA:21,14
DA:22,0
DA:23,14
DA:25,14
DA:26,14
DA:27,14
DA:28,14
DA:29,14
DA:30,14
DA:32,14
DA:33,14
DA:34,14
DA:35,14
DA:36,14
DA:38,1
DA:39,1
DA:40,1
DA:41,1
DA:42,1
DA:43,1
DA:44,1
DA:45,1
DA:46,1
DA:47,1
DA:48,1
DA:49,1
DA:50,1
DA:56,7
DA:57,7
DA:58,7
DA:59,7
DA:60,7
DA:62,7
DA:63,0
DA:64,0
DA:65,0
DA:66,0
DA:67,0
DA:68,0
DA:69,0
DA:71,7
DA:72,7
DA:73,7
DA:74,7
DA:76,7
DA:77,0
DA:78,0
DA:79,7
DA:80,0
DA:81,0
DA:82,7
DA:83,7
DA:84,7
DA:85,7
DA:86,0
DA:87,0
DA:88,0
DA:89,0
DA:90,0
DA:91,0
DA:93,7
DA:94,0
DA:95,0
DA:96,7
DA:97,7
DA:98,7
DA:100,7
DA:101,0
DA:102,0
DA:103,0
DA:104,0
DA:105,0
DA:106,0
DA:107,0
DA:108,0
DA:110,0
DA:113,7
DA:114,0
DA:115,0
DA:116,0
DA:118,0
DA:119,0
DA:120,0
DA:121,0
DA:122,0
DA:123,0
DA:124,0
DA:125,0
DA:126,0
DA:127,0
DA:129,0
DA:130,0
DA:131,0
DA:132,0
DA:133,0
DA:134,0
DA:135,0
DA:136,0
DA:137,0
DA:138,0
DA:139,0
DA:140,0
DA:141,0
DA:142,0
DA:143,0
DA:144,0
DA:145,0
DA:146,0
DA:147,0
DA:148,0
DA:149,0
DA:150,0
DA:151,0
DA:152,0
DA:153,0
DA:154,0
DA:155,0
DA:156,0
DA:157,0
DA:158,0
DA:159,0
DA:160,0
DA:162,0
DA:163,0
DA:165,0
DA:167,7
DA:168,7
DA:169,7
DA:170,7
DA:172,7
DA:173,7
DA:175,7
DA:176,7
DA:177,7
DA:178,7
DA:179,77
DA:180,77
DA:181,77
DA:182,77
DA:183,77
DA:184,77
DA:186,77
DA:187,77
DA:188,77
DA:189,7
DA:190,0
DA:191,7
DA:193,77
DA:194,77
DA:195,7
DA:196,7
DA:197,7
DA:198,7
DA:199,7
DA:200,14
DA:201,14
DA:202,14
DA:203,14
DA:205,14
DA:206,14
DA:207,14
DA:208,14
DA:209,14
DA:211,14
DA:212,14
DA:213,14
DA:214,14
DA:215,14
DA:216,14
DA:217,14
DA:218,14
DA:219,14
DA:220,14
DA:221,14
DA:222,14
DA:223,14
DA:224,14
DA:225,14
DA:226,14
DA:227,14
DA:228,14
DA:229,14
DA:230,14
DA:231,14
DA:232,14
DA:233,14
DA:234,14
DA:235,14
DA:236,14
DA:237,14
DA:238,14
DA:239,14
DA:240,14
DA:241,14
DA:242,14
DA:243,14
DA:244,14
DA:245,14
DA:246,14
DA:248,7
DA:249,7
DA:250,7
DA:251,7
DA:253,7
LF:211
LH:133
BRDA:15,0,0,14
BRDA:16,1,0,0
BRDA:17,2,0,0
BRDA:21,3,0,0
BRDA:25,4,0,14
BRDA:26,5,0,0
BRDA:32,6,0,14
BRDA:33,7,0,0
BRDA:56,8,0,7
BRDA:100,9,0,0
BRDA:113,10,0,0
BRDA:71,11,0,7
BRDA:72,12,0,0
BRDA:73,13,0,7
BRDA:76,14,0,0
BRDA:79,15,0,0
BRDA:83,16,0,0
BRDA:84,17,0,0
BRDA:85,18,0,0
BRDA:93,19,0,0
BRDA:96,20,0,0
BRDA:178,21,0,77
BRDA:183,22,0,63
BRDA:183,23,0,14
BRDA:184,24,0,7
BRDA:184,25,0,70
BRDA:188,26,0,7
BRDA:189,27,0,0
BRDA:199,28,0,14
BRDA:200,29,0,0
BRDA:201,30,0,0
BRDA:215,31,0,0
BRDA:215,32,0,0
BRDA:218,33,0,0
BRDA:221,34,0,0
BRDA:224,35,0,0
BRDA:236,36,0,0
BRDA:238,37,0,0
BRF:38
BRH:13
end_of_record
TN:
SF:src\components\analytics\RevenueChart.jsx
FN:17,ChartTooltip
FN:33,RevenueChart
FN:52,tickFormatter
FNF:3
FNH:1
FNDA:0,ChartTooltip
FNDA:8,RevenueChart
FNDA:0,tickFormatter
DA:1,1
DA:11,1
DA:12,1
DA:13,1
DA:14,1
DA:15,1
DA:17,0
DA:18,0
DA:19,0
DA:20,0
DA:21,0
DA:22,0
DA:23,0
DA:24,0
DA:25,0
DA:27,0
DA:33,8
DA:34,8
DA:35,8
DA:36,8
DA:38,8
DA:39,8
DA:40,8
DA:41,8
DA:42,8
DA:43,8
DA:44,8
DA:45,8
DA:46,8
DA:47,8
DA:48,8
DA:49,8
DA:50,8
DA:51,8
DA:52,8
DA:53,8
DA:54,8
DA:55,8
DA:56,8
DA:57,8
DA:58,8
DA:59,8
DA:60,8
DA:61,8
DA:62,8
DA:63,8
DA:64,8
DA:65,8
DA:66,8
DA:68,8
LF:50
LH:40
BRDA:33,0,0,8
BRF:1
BRH:1
end_of_record
TN:
SF:src\components\analytics\RevenueWaterfall.jsx
FN:22,roiColor
FN:29,truncate
FN:34,WTooltip
FN:73,RevenueWaterfall
FN:153,tickFormatter
FNF:5
FNH:1
FNDA:0,roiColor
FNDA:0,truncate
FNDA:0,WTooltip
FNDA:14,RevenueWaterfall
FNDA:0,tickFormatter
DA:1,1
DA:17,1
DA:18,1
DA:19,1
DA:20,1
DA:22,0
DA:23,0
DA:24,0
DA:25,0
DA:26,0
DA:27,0
DA:29,0
DA:30,0
DA:31,0
DA:32,0
DA:34,0
DA:35,0
DA:36,0
DA:37,0
DA:38,0
DA:39,0
DA:40,0
DA:41,0
DA:42,0
DA:43,0
DA:44,0
DA:45,0
DA:46,0
DA:47,0
DA:48,0
DA:49,0
DA:50,0
DA:51,0
DA:52,0
DA:53,0
DA:54,0
DA:55,0
DA:56,0
DA:57,0
DA:58,0
DA:59,0
DA:60,0
DA:61,0
DA:63,0
DA:64,0
DA:66,0
DA:73,14
DA:74,14
DA:75,14
DA:76,14
DA:78,14
DA:79,14
DA:80,14
DA:81,0
DA:82,0
DA:83,0
DA:84,0
DA:85,0
DA:86,0
DA:87,0
DA:88,0
DA:89,0
DA:90,0
DA:91,0
DA:92,0
DA:93,0
DA:94,0
DA:96,0
DA:97,0
DA:98,14
DA:99,14
DA:101,14
DA:102,14
DA:103,0
DA:104,14
DA:106,14
DA:107,14
DA:109,14
DA:110,14
DA:111,14
DA:112,14
DA:114,14
DA:115,14
DA:116,14
DA:118,14
DA:119,14
DA:121,14
DA:122,7
DA:123,7
DA:124,7
DA:127,14
DA:128,7
DA:129,7
DA:131,7
DA:132,7
DA:135,14
DA:136,0
DA:137,0
DA:138,0
DA:139,0
DA:140,0
DA:142,0
DA:143,0
DA:144,0
DA:145,0
DA:146,0
DA:147,0
DA:148,0
DA:149,0
DA:150,0
DA:151,0
DA:152,0
DA:153,0
DA:154,0
DA:155,0
DA:156,0
DA:157,0
DA:158,0
DA:159,0
DA:160,0
DA:161,0
DA:162,0
DA:163,0
DA:164,0
DA:165,0
DA:166,0
DA:167,0
DA:168,0
DA:169,0
DA:170,0
DA:171,0
DA:172,0
DA:174,0
DA:175,0
DA:176,0
DA:177,0
DA:179,0
DA:180,0
DA:181,0
DA:182,0
DA:183,0
DA:184,0
DA:185,0
DA:186,0
DA:187,0
DA:188,0
DA:189,0
DA:190,0
DA:191,0
DA:192,0
DA:194,14
DA:196,14
LF:152
LH:40
BRDA:73,0,0,14
BRDA:121,1,0,7
BRDA:127,2,0,7
BRDA:127,3,0,7
BRDA:135,4,0,7
BRDA:135,5,0,0
BRDA:78,6,0,14
BRDA:79,7,0,0
BRDA:102,8,0,0
BRF:9
BRH:6
end_of_record
TN:
SF:src\components\analytics\TimeRangeFilter.jsx
FN:12,TimeRangeFilter
FN:23,onClick
FNF:2
FNH:1
FNDA:14,TimeRangeFilter
FNDA:0,onClick
DA:1,1
DA:2,1
DA:3,1
DA:4,1
DA:5,1
DA:6,1
DA:12,14
DA:13,14
DA:14,14
DA:15,14
DA:16,14
DA:18,14
DA:19,56
DA:20,56
DA:21,56
DA:22,56
DA:23,56
DA:24,56
DA:25,56
DA:26,14
DA:27,42
DA:30,56
DA:31,56
DA:33,14
DA:34,14
DA:36,14
LF:26
LH:26
BRDA:12,0,0,14
BRDA:18,1,0,56
BRDA:25,2,0,14
BRDA:26,3,0,42
BRF:4
BRH:4
end_of_record
TN:
SF:src\components\analytics\TopPerformerCard.jsx
FN:10,TopPerformerCard
FNF:1
FNH:1
FNDA:7,TopPerformerCard
DA:1,1
DA:10,7
DA:11,7
DA:13,7
DA:14,7
DA:15,7
DA:16,7
DA:17,7
DA:18,7
DA:19,7
DA:20,7
DA:21,7
DA:22,7
DA:23,7
DA:24,7
DA:25,7
DA:26,7
DA:27,7
DA:28,7
DA:29,7
DA:30,7
DA:31,7
DA:32,7
DA:33,7
DA:34,7
DA:36,7
DA:37,7
DA:38,7
DA:39,7
DA:40,7
DA:42,7
DA:43,7
DA:45,7
DA:46,7
DA:47,7
DA:48,7
DA:49,7
DA:50,7
DA:51,7
DA:54,7
DA:55,7
DA:56,7
DA:57,7
DA:59,7
DA:60,7
DA:61,28
DA:62,28
DA:63,28
DA:65,28
DA:66,28
DA:67,28
DA:68,28
DA:69,7
DA:70,7
DA:71,7
DA:72,7
DA:73,7
DA:75,7
LF:58
LH:58
BRDA:10,0,0,7
BRDA:11,1,0,0
BRDA:16,2,0,0
BRDA:21,3,0,0
BRDA:26,4,0,0
BRDA:31,5,0,0
BRDA:56,6,0,0
BRDA:56,7,0,0
BRDA:60,8,0,28
BRF:9
BRH:2
end_of_record
TN:
SF:src\components\analytics\TrafficSourceDonut.jsx
FN:21,TTooltip
FN:34,buildInsight
FN:64,TrafficSourceDonut
FN:147,formatter
FNF:4
FNH:1
FNDA:0,TTooltip
FNDA:0,buildInsight
FNDA:14,TrafficSourceDonut
FNDA:0,formatter
DA:1,1
DA:13,1
DA:14,1
DA:15,1
DA:16,1
DA:17,1
DA:18,1
DA:19,1
DA:21,0
DA:22,0
DA:23,0
DA:24,0
DA:25,0
DA:26,0
DA:27,0
DA:28,0
DA:29,0
DA:30,0
DA:32,0
DA:34,0
DA:35,0
DA:36,0
DA:37,0
DA:39,0
DA:40,0
DA:41,0
DA:42,0
DA:43,0
DA:44,0
DA:45,0
DA:46,0
DA:47,0
DA:48,0
DA:49,0
DA:50,0
DA:51,0
DA:52,0
DA:53,0
DA:54,0
DA:55,0
DA:56,0
DA:57,0
DA:58,0
DA:64,14
DA:65,14
DA:67,14
DA:68,14
DA:69,14
DA:70,14
DA:71,0
DA:72,0
DA:73,0
DA:74,0
DA:75,0
DA:76,0
DA:77,0
DA:78,0
DA:79,0
DA:80,0
DA:81,0
DA:82,0
DA:83,14
DA:84,14
DA:85,14
DA:86,0
DA:87,0
DA:89,0
DA:90,0
DA:91,0
DA:92,0
DA:93,0
DA:94,0
DA:96,0
DA:97,14
DA:99,14
DA:100,14
DA:101,14
DA:102,14
DA:104,14
DA:105,14
DA:106,14
DA:108,14
DA:109,14
DA:111,14
DA:112,7
DA:113,7
DA:114,7
DA:117,14
DA:118,7
DA:119,7
DA:121,7
DA:122,7
DA:125,14
DA:126,0
DA:127,0
DA:128,0
DA:129,0
DA:130,0
DA:131,0
DA:132,0
DA:133,0
DA:134,0
DA:135,0
DA:136,0
DA:137,0
DA:139,0
DA:140,0
DA:141,0
DA:142,0
DA:143,0
DA:144,0
DA:145,0
DA:146,0
DA:147,0
DA:148,0
DA:150,0
DA:151,0
DA:152,0
DA:153,0
DA:154,0
DA:155,0
DA:156,0
DA:157,0
DA:158,0
DA:159,0
DA:160,0
DA:161,0
DA:162,0
DA:164,0
DA:165,0
DA:167,0
DA:169,14
DA:171,14
LF:133
LH:39
BRDA:64,0,0,14
BRDA:111,1,0,7
BRDA:117,2,0,7
BRDA:117,3,0,7
BRDA:125,4,0,7
BRDA:125,5,0,0
BRDA:67,6,0,14
BRDA:70,7,0,4
BRDA:70,8,0,0
BRDA:85,9,0,0
BRF:10
BRH:7
end_of_record
TN:
SF:src\components\analytics\ViewsChart.jsx
FN:17,ChartTooltip
FN:33,ViewsChart
FNF:2
FNH:1
FNDA:0,ChartTooltip
FNDA:8,ViewsChart
DA:1,1
DA:11,1
DA:12,1
DA:13,1
DA:14,1
DA:15,1
DA:17,0
DA:18,0
DA:19,0
DA:20,0
DA:21,0
DA:22,0
DA:23,0
DA:24,0
DA:25,0
DA:27,0
DA:33,8
DA:34,8
DA:35,8
DA:36,8
DA:38,8
DA:39,8
DA:40,8
DA:41,8
DA:42,8
DA:43,8
DA:44,8
DA:45,8
DA:46,8
DA:47,8
DA:48,8
DA:49,8
DA:50,8
DA:51,8
DA:52,8
DA:53,8
DA:54,8
DA:55,8
DA:56,8
DA:57,8
DA:58,8
DA:59,8
DA:60,8
DA:61,8
DA:62,8
DA:63,8
DA:65,8
LF:47
LH:37
BRDA:33,0,0,8
BRF:1
BRH:1
end_of_record
TN:
SF:src\components\audience\AudienceContextBlock.jsx
FN:7,AudienceContextBlock
FNF:1
FNH:0
FNDA:0,AudienceContextBlock
DA:1,1
DA:7,0
DA:8,0
DA:9,0
DA:11,0
DA:13,0
DA:14,0
DA:15,0
DA:16,0
DA:17,0
DA:18,0
DA:19,0
DA:20,0
DA:21,0
DA:22,0
DA:23,0
DA:25,0
DA:26,0
DA:27,0
DA:28,0
DA:29,0
DA:30,0
DA:32,0
DA:33,0
DA:35,0
DA:37,0
DA:38,0
DA:39,0
DA:40,0
DA:41,0
DA:42,0
DA:43,0
DA:44,0
DA:45,0
DA:47,0
DA:48,0
DA:49,0
DA:50,0
DA:51,0
DA:52,0
DA:53,0
DA:54,0
DA:55,0
DA:56,0
DA:57,0
DA:58,0
DA:59,0
DA:61,0
DA:62,0
DA:64,0
DA:66,0
DA:67,0
DA:68,0
DA:70,0
DA:71,0
DA:72,0
DA:73,0
DA:74,0
DA:75,0
DA:77,0
DA:78,0
DA:79,0
DA:81,0
DA:83,0
LF:64
LH:1
BRF:0
BRH:0
end_of_record
TN:
SF:src\components\audience\AudienceInsightsSection.jsx
FN:33,formatDate
FN:43,pct
FN:52,MiniKPI
FN:83,AudienceInsightsSection
FN:89,handleRun
FN:102,handlePromote
FN:109,handleCreateTopic
FN:136,SectionHeader
FNF:8
FNH:2
FNDA:0,formatDate
FNDA:0,pct
FNDA:0,MiniKPI
FNDA:4,AudienceInsightsSection
FNDA:0,handleRun
FNDA:0,handlePromote
FNDA:0,handleCreateTopic
FNDA:4,SectionHeader
DA:1,1
DA:33,0
DA:34,0
DA:35,0
DA:36,0
DA:37,0
DA:38,0
DA:39,0
DA:40,0
DA:41,0
DA:43,0
DA:44,0
DA:45,0
DA:46,0
DA:52,0
DA:53,0
DA:54,0
DA:55,0
DA:56,0
DA:57,0
DA:58,0
DA:59,0
DA:60,0
DA:61,0
DA:62,0
DA:63,0
DA:65,0
DA:66,0
DA:67,0
DA:68,0
DA:69,0
DA:70,0
DA:71,0
DA:72,0
DA:73,0
DA:74,0
DA:75,0
DA:77,0
DA:83,4
DA:84,4
DA:85,4
DA:86,4
DA:87,4
DA:89,4
DA:90,0
DA:91,0
DA:92,0
DA:93,0
DA:94,0
DA:95,0
DA:96,0
DA:97,0
DA:98,0
DA:99,0
DA:100,0
DA:102,4
DA:103,0
DA:104,0
DA:105,0
DA:106,0
DA:107,0
DA:109,4
DA:110,0
DA:111,0
DA:113,4
DA:114,4
DA:115,0
DA:116,0
DA:117,4
DA:118,4
DA:119,4
DA:120,4
DA:122,4
DA:125,4
DA:126,4
DA:127,0
DA:128,0
DA:129,0
DA:130,0
DA:131,0
DA:132,0
DA:133,4
DA:136,4
DA:137,4
DA:138,4
DA:139,4
DA:140,4
DA:141,4
DA:142,4
DA:143,0
DA:144,0
DA:145,0
DA:146,0
DA:148,4
DA:150,4
DA:152,4
DA:153,4
DA:154,4
DA:155,0
DA:156,0
DA:157,0
DA:158,0
DA:159,0
DA:161,0
DA:162,0
DA:164,0
DA:165,0
DA:167,0
DA:169,4
DA:173,4
DA:174,4
DA:175,4
DA:176,4
DA:177,4
DA:178,4
DA:179,4
DA:180,4
DA:182,4
DA:185,0
DA:186,0
DA:187,0
DA:188,0
DA:189,0
DA:190,0
DA:191,0
DA:192,0
DA:193,0
DA:194,0
DA:195,0
DA:196,0
DA:197,0
DA:199,0
DA:200,0
DA:202,0
DA:204,0
DA:205,0
DA:206,0
DA:208,0
DA:210,4
DA:213,4
DA:214,4
DA:215,4
DA:218,4
DA:219,4
DA:220,4
DA:221,4
DA:222,4
DA:223,4
DA:224,4
DA:225,4
DA:226,4
DA:227,4
DA:228,4
DA:229,4
DA:230,4
DA:231,4
DA:232,4
DA:233,4
DA:234,4
DA:235,4
DA:236,4
DA:237,4
DA:238,4
DA:239,4
DA:240,4
DA:241,4
DA:242,4
DA:243,4
DA:244,4
DA:245,4
DA:246,4
DA:247,4
DA:248,4
DA:249,4
DA:250,4
DA:251,4
DA:252,4
DA:253,4
DA:254,4
DA:255,4
DA:258,4
DA:259,4
DA:260,4
DA:261,4
DA:262,4
DA:263,4
DA:264,4
DA:265,4
DA:266,4
DA:267,4
DA:268,4
DA:271,4
DA:272,0
DA:273,0
DA:274,0
DA:275,0
DA:276,0
DA:278,0
DA:279,0
DA:280,0
DA:281,0
DA:282,0
DA:283,0
DA:284,0
DA:285,0
DA:286,0
DA:287,0
DA:288,0
DA:289,0
DA:290,0
DA:292,0
DA:293,0
DA:294,0
DA:295,0
DA:296,0
DA:297,0
DA:299,0
DA:301,0
DA:302,0
DA:303,0
DA:307,4
DA:308,4
DA:309,4
DA:310,4
DA:311,4
DA:312,4
DA:313,4
DA:314,4
DA:315,4
DA:318,4
DA:319,4
DA:321,4
LF:232
LH:107
BRDA:83,0,0,4
BRDA:182,1,0,0
BRDA:210,2,0,0
BRDA:222,3,0,0
BRDA:231,4,0,0
BRDA:240,5,0,0
BRDA:249,6,0,0
BRDA:271,7,0,0
BRDA:113,8,0,4
BRDA:114,9,0,0
BRDA:117,10,0,0
BRDA:118,11,0,0
BRDA:119,12,0,0
BRDA:120,13,0,0
BRDA:125,14,0,4
BRDA:126,15,0,0
BRDA:136,16,0,4
BRDA:142,17,0,0
BRDA:154,18,0,0
BRF:19
BRH:4
end_of_record
TN:
SF:src\components\audience\ContentComplaintsCard.jsx
FN:17,ComplaintRow
FN:93,ContentComplaintsCard
FNF:2
FNH:0
FNDA:0,ComplaintRow
FNDA:0,ContentComplaintsCard
DA:1,1
DA:5,1
DA:6,1
DA:7,1
DA:8,1
DA:9,1
DA:11,1
DA:12,1
DA:13,1
DA:14,1
DA:15,1
DA:17,0
DA:18,0
DA:20,0
DA:21,0
DA:22,0
DA:23,0
DA:25,0
DA:26,0
DA:28,0
DA:29,0
DA:30,0
DA:31,0
DA:32,0
DA:33,0
DA:34,0
DA:36,0
DA:37,0
DA:38,0
DA:39,0
DA:40,0
DA:41,0
DA:42,0
DA:43,0
DA:44,0
DA:45,0
DA:47,0
DA:48,0
DA:49,0
DA:50,0
DA:51,0
DA:53,0
DA:54,0
DA:55,0
DA:56,0
DA:58,0
DA:59,0
DA:60,0
DA:61,0
DA:62,0
DA:64,0
DA:65,0
DA:67,0
DA:69,0
DA:70,0
DA:73,0
DA:74,0
DA:75,0
DA:76,0
DA:77,0
DA:78,0
DA:79,0
DA:80,0
DA:82,0
DA:83,0
DA:84,0
DA:86,0
DA:87,0
DA:89,0
DA:91,0
DA:93,0
DA:94,0
DA:96,0
DA:97,0
DA:98,0
DA:99,0
DA:100,0
DA:101,0
DA:102,0
DA:103,0
DA:104,0
DA:106,0
DA:107,0
DA:108,0
DA:110,0
DA:111,0
DA:113,0
DA:114,0
DA:115,0
DA:116,0
DA:117,0
DA:119,0
DA:121,0
LF:93
LH:11
BRF:0
BRH:0
end_of_record
TN:
SF:src\components\audience\PersonaCard.jsx
FN:12,Chip
FN:34,TraitGroup
FN:53,PersonaCard
FNF:3
FNH:0
FNDA:0,Chip
FNDA:0,TraitGroup
FNDA:0,PersonaCard
DA:1,1
DA:5,1
DA:6,1
DA:7,1
DA:8,1
DA:9,1
DA:10,1
DA:12,0
DA:13,0
DA:14,0
DA:15,0
DA:16,0
DA:17,0
DA:18,0
DA:19,0
DA:20,0
DA:22,0
DA:23,0
DA:24,0
DA:25,0
DA:26,0
DA:27,0
DA:29,0
DA:30,0
DA:32,0
DA:34,0
DA:35,0
DA:36,0
DA:37,0
DA:38,0
DA:39,0
DA:40,0
DA:41,0
DA:42,0
DA:43,0
DA:44,0
DA:45,0
DA:46,0
DA:47,0
DA:48,0
DA:49,0
DA:51,0
DA:53,0
DA:54,0
DA:55,0
DA:56,0
DA:57,0
DA:58,0
DA:59,0
DA:60,0
DA:61,0
DA:62,0
DA:63,0
DA:64,0
DA:66,0
DA:67,0
DA:68,0
DA:69,0
DA:70,0
DA:72,0
DA:73,0
DA:74,0
DA:75,0
DA:76,0
DA:77,0
DA:78,0
DA:79,0
DA:81,0
DA:82,0
DA:84,0
DA:86,0
DA:87,0
DA:88,0
DA:89,0
DA:91,0
DA:93,0
DA:96,0
DA:97,0
DA:98,0
DA:99,0
DA:101,0
DA:102,0
DA:103,0
DA:105,0
DA:106,0
DA:107,0
DA:108,0
DA:109,0
DA:110,0
DA:111,0
DA:113,0
DA:114,0
DA:116,0
LF:93
LH:7
BRF:0
BRH:0
end_of_record
TN:
SF:src\components\audience\RecurringQuestionsCard.jsx
FN:5,QuestionRow
FN:71,RecurringQuestionsCard
FNF:2
FNH:0
FNDA:0,QuestionRow
FNDA:0,RecurringQuestionsCard
DA:1,1
DA:5,0
DA:6,0
DA:8,0
DA:9,0
DA:10,0
DA:12,0
DA:13,0
DA:14,0
DA:15,0
DA:16,0
DA:17,0
DA:19,0
DA:20,0
DA:21,0
DA:22,0
DA:23,0
DA:24,0
DA:25,0
DA:26,0
DA:27,0
DA:28,0
DA:30,0
DA:31,0
DA:32,0
DA:34,0
DA:35,0
DA:36,0
DA:37,0
DA:38,0
DA:40,0
DA:41,0
DA:43,0
DA:45,0
DA:46,0
DA:49,0
DA:50,0
DA:51,0
DA:52,0
DA:53,0
DA:54,0
DA:55,0
DA:56,0
DA:58,0
DA:59,0
DA:60,0
DA:62,0
DA:63,0
DA:65,0
DA:66,0
DA:67,0
DA:69,0
DA:71,0
DA:72,0
DA:74,0
DA:75,0
DA:76,0
DA:77,0
DA:78,0
DA:79,0
DA:80,0
DA:81,0
DA:82,0
DA:84,0
DA:85,0
DA:86,0
DA:88,0
DA:89,0
DA:91,0
DA:92,0
DA:93,0
DA:94,0
DA:95,0
DA:97,0
DA:99,0
LF:75
LH:1
BRF:0
BRH:0
end_of_record
TN:
SF:src\components\audience\SuggestedTopicsCard.jsx
FN:6,demandStyle
FN:13,SuggestionRow
FN:113,SuggestedTopicsCard
FNF:3
FNH:0
FNDA:0,demandStyle
FNDA:0,SuggestionRow
FNDA:0,SuggestedTopicsCard
DA:1,1
DA:6,0
DA:7,0
DA:8,0
DA:9,0
DA:10,0
DA:11,0
DA:13,0
DA:14,0
DA:15,0
DA:16,0
DA:17,0
DA:18,0
DA:20,0
DA:21,0
DA:22,0
DA:23,0
DA:24,0
DA:25,0
DA:26,0
DA:27,0
DA:29,0
DA:30,0
DA:31,0
DA:32,0
DA:33,0
DA:34,0
DA:35,0
DA:36,0
DA:38,0
DA:39,0
DA:40,0
DA:41,0
DA:42,0
DA:43,0
DA:45,0
DA:46,0
DA:47,0
DA:48,0
DA:50,0
DA:51,0
DA:52,0
DA:53,0
DA:54,0
DA:55,0
DA:56,0
DA:57,0
DA:60,0
DA:61,0
DA:62,0
DA:63,0
DA:64,0
DA:65,0
DA:66,0
DA:67,0
DA:68,0
DA:69,0
DA:70,0
DA:71,0
DA:72,0
DA:73,0
DA:74,0
DA:75,0
DA:78,0
DA:79,0
DA:80,0
DA:81,0
DA:82,0
DA:83,0
DA:85,0
DA:86,0
DA:88,0
DA:89,0
DA:91,0
DA:92,0
DA:93,0
DA:94,0
DA:95,0
DA:96,0
DA:97,0
DA:99,0
DA:100,0
DA:102,0
DA:103,0
DA:105,0
DA:106,0
DA:107,0
DA:108,0
DA:109,0
DA:111,0
DA:113,0
DA:114,0
DA:115,0
DA:116,0
DA:117,0
DA:118,0
DA:119,0
DA:120,0
DA:122,0
DA:123,0
DA:124,0
DA:125,0
DA:126,0
DA:127,0
DA:129,0
DA:130,0
DA:132,0
DA:133,0
DA:134,0
DA:136,0
DA:137,0
DA:139,0
DA:140,0
DA:141,0
DA:142,0
DA:143,0
DA:144,0
DA:145,0
DA:146,0
DA:147,0
DA:148,0
DA:149,0
DA:150,0
DA:151,0
DA:153,0
DA:155,0
LF:126
LH:1
BRF:0
BRH:0
end_of_record
TN:
SF:src\components\auth\PinGate.jsx
FN:3,PinGate
FN:10,handleSubmit
FN:59,onChange
FNF:3
FNH:3
FNDA:19,PinGate
FNDA:2,handleSubmit
FNDA:4,onChange
DA:1,1
DA:3,19
DA:4,19
DA:5,19
DA:6,19
DA:7,19
DA:8,19
DA:10,19
DA:11,2
DA:12,2
DA:14,2
DA:15,2
DA:17,2
DA:19,2
DA:20,1
DA:21,1
DA:22,1
DA:23,1
DA:24,1
DA:25,1
DA:26,1
DA:27,2
DA:29,19
DA:30,19
DA:32,19
DA:33,19
DA:36,19
DA:38,19
DA:39,19
DA:40,19
DA:41,19
DA:42,19
DA:44,19
DA:45,19
DA:47,19
DA:48,19
DA:51,19
DA:52,19
DA:53,19
DA:54,19
DA:55,19
DA:56,19
DA:57,19
DA:58,19
DA:59,19
DA:60,4
DA:61,4
DA:62,4
DA:63,4
DA:64,19
DA:65,19
DA:66,19
DA:72,19
DA:73,1
DA:74,18
DA:75,19
DA:77,19
DA:78,19
DA:79,1
DA:80,1
DA:81,1
DA:83,19
DA:85,19
DA:86,19
DA:87,19
DA:88,19
DA:97,19
DA:98,2
DA:99,2
DA:100,2
DA:101,2
DA:102,2
DA:104,2
DA:106,17
DA:108,19
DA:109,19
DA:111,19
DA:113,19
DA:114,19
DA:115,19
DA:117,19
LF:81
LH:81
BRDA:3,0,0,19
BRDA:72,1,0,1
BRDA:73,2,0,18
BRDA:78,3,0,1
BRDA:87,4,0,6
BRDA:97,5,0,2
BRDA:104,6,0,17
BRDA:10,7,0,2
BRDA:12,8,0,0
BRDA:19,9,0,1
BRDA:59,10,0,4
BRF:11
BRH:10
end_of_record
TN:
SF:src\components\calendar\CalendarGrid.jsx
FN:30,groupPostsByDate
FN:54,CalendarGrid
FN:82,onClick
FN:96,onClick
FN:149,onClick
FN:186,onClick
FNF:6
FNH:2
FNDA:1,groupPostsByDate
FNDA:1,CalendarGrid
FNDA:0,onClick
FNDA:0,onClick
FNDA:0,onClick
FNDA:0,onClick
DA:1,1
DA:23,1
DA:30,1
DA:31,1
DA:32,1
DA:33,0
DA:34,0
DA:35,0
DA:36,0
DA:37,0
DA:38,1
DA:39,1
DA:54,1
DA:55,1
DA:56,1
DA:57,1
DA:58,1
DA:59,1
DA:60,1
DA:61,1
DA:63,1
DA:64,1
DA:65,1
DA:66,1
DA:67,1
DA:68,1
DA:69,1
DA:72,1
DA:74,1
DA:75,1
DA:77,1
DA:78,1
DA:79,1
DA:80,1
DA:81,1
DA:82,1
DA:83,1
DA:85,1
DA:86,1
DA:88,1
DA:89,1
DA:90,1
DA:92,1
DA:93,1
DA:94,1
DA:95,1
DA:96,1
DA:97,1
DA:99,1
DA:100,1
DA:101,1
DA:104,1
DA:105,1
DA:106,7
DA:107,7
DA:108,7
DA:109,7
DA:110,7
DA:111,7
DA:113,7
DA:114,7
DA:115,1
DA:116,1
DA:119,1
DA:120,1
DA:121,35
DA:122,35
DA:123,35
DA:124,35
DA:125,35
DA:126,35
DA:127,35
DA:130,35
DA:131,35
DA:132,35
DA:134,35
DA:135,35
DA:136,35
DA:137,35
DA:138,35
DA:139,35
DA:140,35
DA:141,35
DA:142,35
DA:143,35
DA:144,35
DA:145,35
DA:147,35
DA:148,35
DA:149,35
DA:151,0
DA:152,0
DA:153,0
DA:154,0
DA:157,35
DA:158,35
DA:159,35
DA:160,35
DA:161,35
DA:162,1
DA:163,34
DA:164,29
DA:165,5
DA:166,35
DA:168,35
DA:169,35
DA:172,35
DA:173,35
DA:174,0
DA:175,0
DA:176,0
DA:177,0
DA:178,0
DA:179,0
DA:180,35
DA:182,35
DA:183,0
DA:184,0
DA:185,0
DA:186,0
DA:187,0
DA:188,0
DA:189,0
DA:190,0
DA:191,0
DA:192,0
DA:194,35
DA:195,35
DA:197,1
DA:198,1
DA:199,1
DA:201,1
LF:132
LH:107
BRDA:30,0,0,1
BRDA:32,1,0,0
BRDA:54,2,0,1
BRDA:63,3,0,1
BRDA:72,4,0,1
BRDA:105,5,0,7
BRDA:110,6,0,6
BRDA:110,7,0,2
BRDA:110,8,0,5
BRDA:120,9,0,35
BRDA:125,10,0,0
BRDA:127,11,0,30
BRDA:142,12,0,5
BRDA:143,13,0,10
BRDA:143,14,0,8
BRDA:144,15,0,1
BRDA:145,16,0,0
BRDA:147,17,0,5
BRDA:161,18,0,1
BRDA:162,19,0,34
BRDA:163,20,0,29
BRDA:164,21,0,5
BRDA:182,22,0,0
BRF:23
BRH:19
end_of_record
TN:
SF:src\components\calendar\ContentBlock.jsx
FN:40,formatTime
FN:50,getTopicTitle
FN:62,ContentBlock
FNF:3
FNH:0
FNDA:0,formatTime
FNDA:0,getTopicTitle
FNDA:0,ContentBlock
DA:1,1
DA:6,1
DA:7,1
DA:8,1
DA:9,1
DA:10,1
DA:11,1
DA:12,1
DA:13,1
DA:14,1
DA:15,1
DA:16,1
DA:17,1
DA:18,1
DA:19,1
DA:20,1
DA:21,1
DA:22,1
DA:23,1
DA:24,1
DA:25,1
DA:26,1
DA:27,1
DA:28,1
DA:30,1
DA:31,1
DA:32,1
DA:33,1
DA:34,1
DA:35,1
DA:36,1
DA:40,0
DA:41,0
DA:42,0
DA:43,0
DA:44,0
DA:45,0
DA:46,0
DA:47,0
DA:48,0
DA:50,0
DA:51,0
DA:52,0
DA:53,0
DA:54,0
DA:62,0
DA:63,0
DA:64,0
DA:65,0
DA:66,0
DA:67,0
DA:69,0
DA:70,0
DA:71,0
DA:72,0
DA:73,0
DA:74,0
DA:75,0
DA:76,0
DA:77,0
DA:78,0
DA:79,0
DA:80,0
DA:82,0
DA:84,0
DA:87,0
DA:88,0
DA:90,0
DA:91,0
DA:92,0
DA:96,0
DA:97,0
DA:98,0
DA:99,0
DA:103,0
DA:104,0
DA:105,0
DA:106,0
DA:108,0
DA:109,0
DA:111,0
LF:81
LH:31
BRF:0
BRH:0
end_of_record
TN:
SF:src\components\calendar\ScheduleModal.jsx
FN:37,defaultDateTime
FN:63,ScheduleModal
FN:132,handleSubmit
FN:151,handleCancel
FN:169,onOpenChange
FN:240,onChange
FN:251,onChange
FNF:7
FNH:2
FNDA:1,defaultDateTime
FNDA:1,ScheduleModal
FNDA:0,handleSubmit
FNDA:0,handleCancel
FNDA:0,onOpenChange
FNDA:0,onChange
FNDA:0,onChange
DA:1,1
DA:23,1
DA:24,1
DA:25,1
DA:26,1
DA:27,1
DA:29,1
DA:30,1
DA:31,1
DA:32,1
DA:33,1
DA:37,1
DA:38,1
DA:40,1
DA:41,1
DA:42,1
DA:43,1
DA:44,1
DA:45,1
DA:46,1
DA:63,1
DA:64,1
DA:65,1
DA:66,1
DA:67,1
DA:68,1
DA:69,1
DA:70,1
DA:71,1
DA:72,1
DA:73,1
DA:74,1
DA:78,1
DA:79,1
DA:80,0
DA:81,0
DA:82,0
DA:83,0
DA:84,0
DA:85,0
DA:86,0
DA:87,0
DA:88,0
DA:89,0
DA:90,0
DA:91,0
DA:92,0
DA:93,1
DA:94,1
DA:95,1
DA:96,1
DA:97,1
DA:98,1
DA:99,1
DA:100,1
DA:102,1
DA:103,1
DA:104,1
DA:105,1
DA:106,1
DA:109,1
DA:110,1
DA:111,1
DA:112,1
DA:113,1
DA:114,1
DA:115,1
DA:119,1
DA:120,1
DA:121,1
DA:122,1
DA:123,0
DA:124,0
DA:125,0
DA:126,1
DA:127,1
DA:128,1
DA:132,1
DA:133,0
DA:135,0
DA:136,0
DA:137,0
DA:138,0
DA:139,0
DA:140,0
DA:141,0
DA:142,0
DA:143,0
DA:144,0
DA:145,0
DA:146,0
DA:147,0
DA:148,0
DA:149,0
DA:151,1
DA:152,0
DA:153,0
DA:154,0
DA:155,0
DA:157,1
DA:158,0
DA:159,1
DA:163,1
DA:164,1
DA:165,1
DA:166,1
DA:168,1
DA:169,1
DA:170,1
DA:171,1
DA:172,1
DA:173,1
DA:174,1
DA:175,0
DA:176,1
DA:177,1
DA:178,1
DA:180,1
DA:182,1
DA:183,1
DA:184,1
DA:186,1
DA:187,1
DA:188,1
DA:190,1
DA:192,0
DA:193,0
DA:194,0
DA:195,0
DA:196,0
DA:197,0
DA:198,0
DA:199,0
DA:200,0
DA:201,0
DA:202,0
DA:203,0
DA:204,0
DA:205,0
DA:207,1
DA:211,1
DA:212,1
DA:213,1
DA:215,1
DA:216,1
DA:217,1
DA:218,1
DA:219,1
DA:220,1
DA:221,1
DA:222,3
DA:223,3
DA:224,3
DA:225,1
DA:226,1
DA:227,1
DA:228,1
DA:232,1
DA:233,1
DA:234,1
DA:236,1
DA:237,1
DA:238,1
DA:239,1
DA:240,1
DA:241,1
DA:242,1
DA:243,1
DA:244,1
DA:245,1
DA:247,1
DA:248,1
DA:249,1
DA:250,1
DA:251,1
DA:252,1
DA:253,1
DA:254,1
DA:255,1
DA:258,1
DA:259,1
DA:260,1
DA:262,1
DA:263,1
DA:264,1
DA:265,1
DA:266,1
DA:267,1
DA:268,1
DA:269,3
DA:270,3
DA:271,3
DA:272,1
DA:273,1
DA:274,1
DA:275,1
DA:277,1
DA:279,1
DA:281,1
DA:282,0
DA:283,0
DA:284,0
DA:285,0
DA:286,0
DA:287,0
DA:289,0
DA:291,0
DA:294,1
DA:296,1
DA:297,1
DA:298,1
DA:299,0
DA:300,0
DA:302,0
DA:304,1
DA:305,1
DA:306,1
DA:307,1
DA:309,1
DA:310,1
DA:311,1
DA:312,1
DA:314,1
LF:223
LH:160
BRDA:37,0,0,1
BRDA:38,1,0,0
BRDA:63,2,0,1
BRDA:157,3,0,0
BRDA:159,4,0,0
BRDA:159,5,0,0
BRDA:159,6,0,0
BRDA:172,7,0,0
BRDA:174,8,0,0
BRDA:190,9,0,0
BRDA:281,10,0,0
BRDA:281,11,0,0
BRDA:281,12,0,0
BRDA:297,13,0,0
BRDA:298,14,0,0
BRDA:306,15,0,0
BRDA:78,16,0,1
BRDA:79,17,0,0
BRDA:109,18,0,1
BRDA:120,19,0,1
BRDA:163,20,0,1
BRDA:164,21,0,0
BRDA:164,22,0,0
BRDA:165,23,0,0
BRDA:221,24,0,3
BRDA:268,25,0,3
BRF:26
BRH:8
end_of_record
TN:
SF:src\components\coach\ChatPane.jsx
FN:63,focusLabel
FN:72,SessionHeader
FN:82,handleSave
FN:101,onChange
FN:102,onKeyDown
FN:112,onClick
FN:118,onClick
FN:157,WelcomePanel
FN:198,ChatPane
FNF:9
FNH:3
FNDA:3,focusLabel
FNDA:3,SessionHeader
FNDA:0,handleSave
FNDA:0,onChange
FNDA:0,onKeyDown
FNDA:0,onClick
FNDA:0,onClick
FNDA:0,WelcomePanel
FNDA:6,ChatPane
DA:1,1
DA:22,1
DA:23,1
DA:24,1
DA:25,1
DA:26,1
DA:27,1
DA:28,1
DA:29,1
DA:30,1
DA:31,1
DA:32,1
DA:33,1
DA:34,1
DA:35,1
DA:36,1
DA:37,1
DA:38,1
DA:39,1
DA:40,1
DA:41,1
DA:42,1
DA:43,1
DA:44,1
DA:45,1
DA:46,1
DA:47,1
DA:48,1
DA:49,1
DA:50,1
DA:51,1
DA:52,1
DA:53,1
DA:55,1
DA:56,1
DA:57,1
DA:58,1
DA:59,1
DA:60,1
DA:61,1
DA:63,3
DA:64,3
DA:65,3
DA:66,3
DA:72,3
DA:73,3
DA:74,3
DA:76,3
DA:77,3
DA:78,3
DA:80,3
DA:82,3
DA:83,0
DA:84,0
DA:85,0
DA:86,0
DA:87,0
DA:88,0
DA:89,0
DA:90,0
DA:92,3
DA:93,3
DA:94,3
DA:96,3
DA:97,0
DA:98,0
DA:99,0
DA:100,0
DA:101,0
DA:102,0
DA:103,0
DA:104,0
DA:105,0
DA:106,0
DA:107,0
DA:108,0
DA:109,0
DA:110,0
DA:111,0
DA:112,0
DA:113,0
DA:114,0
DA:115,0
DA:117,3
DA:118,3
DA:119,3
DA:120,3
DA:122,3
DA:123,3
DA:124,3
DA:127,3
DA:128,3
DA:129,3
DA:130,3
DA:131,3
DA:133,3
DA:134,3
DA:136,3
DA:138,3
DA:139,3
DA:140,3
DA:141,0
DA:142,0
DA:143,0
DA:145,3
DA:146,0
DA:148,3
DA:149,3
DA:151,3
DA:157,0
DA:158,0
DA:160,0
DA:161,0
DA:162,0
DA:163,0
DA:164,0
DA:165,0
DA:166,0
DA:169,0
DA:171,0
DA:172,0
DA:173,0
DA:174,0
DA:175,0
DA:176,0
DA:177,0
DA:178,0
DA:179,0
DA:180,0
DA:181,0
DA:182,0
DA:184,0
DA:185,0
DA:186,0
DA:188,0
DA:189,0
DA:190,0
DA:192,0
DA:198,6
DA:199,6
DA:200,6
DA:201,6
DA:202,6
DA:203,6
DA:204,6
DA:205,6
DA:206,6
DA:207,6
DA:208,6
DA:209,6
DA:212,6
DA:213,3
DA:214,3
DA:215,3
DA:216,6
DA:218,6
DA:219,6
DA:221,6
DA:222,6
DA:224,6
DA:225,3
DA:226,3
DA:227,3
DA:228,3
DA:229,3
DA:233,6
DA:234,6
DA:235,0
DA:236,0
DA:238,0
DA:241,6
DA:242,0
DA:245,6
DA:246,6
DA:247,6
DA:248,12
DA:249,12
DA:250,12
DA:251,12
DA:252,12
DA:253,6
DA:254,6
DA:255,0
DA:256,0
DA:257,0
DA:259,0
DA:260,0
DA:262,6
DA:263,6
DA:265,6
DA:268,6
DA:269,6
DA:271,6
LF:193
LH:124
BRDA:63,0,0,3
BRDA:64,1,0,0
BRDA:72,2,0,3
BRDA:74,3,0,0
BRDA:80,4,0,0
BRDA:96,5,0,0
BRDA:122,6,0,0
BRDA:140,7,0,0
BRDA:145,8,0,0
BRDA:76,9,0,3
BRDA:77,10,0,0
BRDA:198,11,0,6
BRDA:219,12,0,3
BRDA:219,13,0,3
BRDA:224,14,0,3
BRDA:234,15,0,0
BRDA:241,16,0,0
BRDA:254,17,0,0
BRDA:212,18,0,3
BRDA:247,19,0,12
BRDA:251,20,0,0
BRF:21
BRH:9
end_of_record
TN:
SF:src\components\coach\ContextSnapshotInspector.jsx
FN:8,Section
FN:30,ContextSnapshotInspector
FNF:2
FNH:1
FNDA:0,Section
FNDA:6,ContextSnapshotInspector
DA:1,1
DA:8,0
DA:9,0
DA:11,0
DA:12,0
DA:14,0
DA:15,0
DA:16,0
DA:17,0
DA:18,0
DA:19,0
DA:20,0
DA:21,0
DA:22,0
DA:24,0
DA:30,6
DA:31,6
DA:32,0
DA:33,6
DA:36,6
DA:37,6
DA:39,6
DA:40,6
DA:41,6
DA:42,6
DA:43,6
DA:44,6
DA:46,6
DA:47,6
DA:48,0
DA:49,0
DA:50,0
DA:51,0
DA:52,0
DA:54,0
DA:55,0
DA:57,0
DA:58,0
DA:59,0
DA:60,0
DA:61,0
DA:62,0
DA:63,0
DA:64,0
DA:65,0
DA:66,0
DA:67,0
DA:68,0
DA:69,0
DA:70,0
DA:72,6
DA:73,6
DA:75,6
LF:53
LH:17
BRDA:30,0,0,6
BRDA:31,1,0,0
BRDA:47,2,0,0
BRDA:55,3,0,0
BRF:4
BRH:1
end_of_record
TN:
SF:src\components\coach\MessageBubble.jsx
FN:9,renderInline
FN:38,renderMarkdown
FN:91,formatTokens
FN:101,MessageBubble
FN:131,onMouseEnter
FN:132,onMouseLeave
FN:167,onClick
FNF:7
FNH:3
FNDA:6,renderInline
FNDA:6,renderMarkdown
FNDA:0,formatTokens
FNDA:12,MessageBubble
FNDA:0,onMouseEnter
FNDA:0,onMouseLeave
FNDA:0,onClick
DA:1,1
DA:9,6
DA:10,6
DA:12,6
DA:13,6
DA:14,6
DA:16,6
DA:17,6
DA:18,6
DA:19,6
DA:20,6
DA:21,6
DA:22,6
DA:23,0
DA:24,6
DA:25,0
DA:26,0
DA:27,0
DA:28,0
DA:29,0
DA:30,0
DA:31,0
DA:32,0
DA:33,0
DA:34,0
DA:35,6
DA:36,6
DA:38,6
DA:39,6
DA:40,6
DA:41,6
DA:42,6
DA:43,6
DA:45,6
DA:46,0
DA:47,0
DA:48,6
DA:49,0
DA:50,0
DA:51,6
DA:52,0
DA:53,0
DA:54,6
DA:55,0
DA:56,0
DA:57,0
DA:58,0
DA:59,0
DA:61,0
DA:62,6
DA:63,0
DA:64,0
DA:65,0
DA:66,0
DA:67,0
DA:69,0
DA:71,6
DA:72,0
DA:73,0
DA:74,0
DA:75,0
DA:76,0
DA:78,0
DA:79,6
DA:80,6
DA:81,6
DA:82,6
DA:84,6
DA:85,6
DA:91,0
DA:92,0
DA:93,0
DA:94,0
DA:95,0
DA:101,12
DA:102,12
DA:103,12
DA:104,12
DA:105,12
DA:107,12
DA:108,0
DA:109,0
DA:110,0
DA:111,0
DA:112,0
DA:113,0
DA:115,0
DA:117,12
DA:118,6
DA:119,6
DA:120,6
DA:121,6
DA:122,6
DA:123,6
DA:125,6
DA:128,6
DA:129,6
DA:130,6
DA:131,6
DA:132,6
DA:134,6
DA:135,6
DA:136,6
DA:137,6
DA:138,6
DA:139,6
DA:141,6
DA:142,6
DA:143,6
DA:144,12
DA:145,12
DA:147,12
DA:148,12
DA:149,12
DA:150,12
DA:151,0
DA:152,0
DA:153,0
DA:155,12
DA:156,0
DA:157,0
DA:158,0
DA:160,12
DA:161,0
DA:162,0
DA:163,0
DA:165,12
DA:166,0
DA:167,0
DA:168,0
DA:170,0
DA:172,0
DA:174,12
DA:175,12
DA:176,12
DA:178,12
LF:136
LH:75
BRDA:9,0,0,6
BRDA:10,1,0,0
BRDA:22,2,0,0
BRDA:24,3,0,0
BRDA:38,4,0,6
BRDA:39,5,0,0
BRDA:41,6,0,6
BRDA:43,7,0,0
BRDA:45,8,0,0
BRDA:48,9,0,0
BRDA:51,10,0,0
BRDA:54,11,0,0
BRDA:62,12,0,0
BRDA:71,13,0,0
BRDA:101,14,0,12
BRDA:107,15,0,0
BRDA:117,16,0,6
BRDA:144,17,0,0
BRDA:144,18,0,6
BRDA:150,19,0,0
BRDA:155,20,0,0
BRDA:160,21,0,0
BRDA:165,22,0,0
BRF:23
BRH:6
end_of_record
TN:
SF:src\components\coach\MessageInput.jsx
FN:6,MessageInput
FN:25,handleKeyDown
FN:53,onChange
FNF:3
FNH:1
FNDA:6,MessageInput
FNDA:0,handleKeyDown
FNDA:0,onChange
DA:1,1
DA:6,6
DA:7,6
DA:8,6
DA:9,6
DA:10,6
DA:11,6
DA:12,6
DA:13,6
DA:14,6
DA:17,6
DA:18,3
DA:19,3
DA:20,3
DA:21,3
DA:22,3
DA:23,6
DA:25,6
DA:26,0
DA:27,0
DA:28,0
DA:29,0
DA:30,0
DA:31,0
DA:32,0
DA:34,6
DA:35,6
DA:36,6
DA:37,0
DA:38,0
DA:40,0
DA:42,6
DA:43,6
DA:44,6
DA:45,6
DA:46,0
DA:47,6
DA:48,6
DA:50,6
DA:51,6
DA:52,6
DA:53,6
DA:54,6
DA:55,6
DA:56,6
DA:57,6
DA:58,6
DA:59,6
DA:60,6
DA:61,6
DA:62,6
DA:63,6
DA:64,6
DA:66,6
DA:67,0
DA:69,6
DA:70,6
DA:72,6
DA:73,6
DA:74,6
DA:75,6
DA:76,6
DA:77,6
DA:78,6
DA:79,6
DA:80,6
DA:81,6
DA:82,6
DA:84,6
LF:69
LH:57
BRDA:6,0,0,6
BRDA:36,1,0,0
BRDA:45,2,0,0
BRDA:66,3,0,0
BRDA:17,4,0,3
BRDA:19,5,0,0
BRF:6
BRH:2
end_of_record
TN:
SF:src\components\coach\SessionSidebar.jsx
FN:32,focusLabel
FN:37,formatRelativeTime
FN:59,NewSessionForm
FN:103,SessionItem
FN:120,onClick
FN:168,SessionSidebar
FN:182,handleCreate
FN:193,onCancel
FN:201,onClick
FN:237,onSelect
FNF:10
FNH:4
FNDA:12,focusLabel
FNDA:12,formatRelativeTime
FNDA:0,NewSessionForm
FNDA:12,SessionItem
FNDA:0,onClick
FNDA:6,SessionSidebar
FNDA:0,handleCreate
FNDA:0,onCancel
FNDA:0,onClick
FNDA:0,onSelect
DA:1,1
DA:16,1
DA:17,1
DA:18,1
DA:19,1
DA:20,1
DA:21,1
DA:22,1
DA:24,1
DA:25,1
DA:26,1
DA:27,1
DA:28,1
DA:29,1
DA:30,1
DA:32,12
DA:33,12
DA:34,12
DA:35,12
DA:37,12
DA:38,12
DA:39,12
DA:40,12
DA:41,12
DA:42,12
DA:43,12
DA:44,12
DA:45,12
DA:46,12
DA:47,12
DA:48,6
DA:49,0
DA:50,0
DA:51,0
DA:52,0
DA:53,12
DA:59,0
DA:60,0
DA:61,0
DA:63,0
DA:64,0
DA:65,0
DA:66,0
DA:67,0
DA:68,0
DA:69,0
DA:70,0
DA:71,0
DA:72,0
DA:73,0
DA:74,0
DA:75,0
DA:77,0
DA:78,0
DA:79,0
DA:80,0
DA:81,0
DA:82,0
DA:83,0
DA:84,0
DA:85,0
DA:86,0
DA:88,0
DA:90,0
DA:91,0
DA:93,0
DA:94,0
DA:95,0
DA:97,0
DA:103,12
DA:104,12
DA:105,12
DA:106,12
DA:107,12
DA:108,12
DA:109,12
DA:110,3
DA:111,9
DA:112,12
DA:114,12
DA:115,12
DA:116,12
DA:117,12
DA:118,12
DA:119,12
DA:120,12
DA:121,0
DA:122,0
DA:123,0
DA:124,12
DA:125,12
DA:127,12
DA:128,12
DA:130,12
DA:132,12
DA:133,12
DA:134,12
DA:135,12
DA:136,12
DA:137,12
DA:139,12
DA:140,12
DA:141,12
DA:142,12
DA:143,12
DA:144,12
DA:145,12
DA:146,12
DA:147,12
DA:149,12
DA:150,0
DA:151,0
DA:152,0
DA:155,12
DA:156,0
DA:158,0
DA:160,12
DA:162,12
DA:168,6
DA:169,6
DA:170,6
DA:171,6
DA:172,6
DA:173,6
DA:174,6
DA:175,6
DA:176,6
DA:177,6
DA:179,6
DA:180,6
DA:182,6
DA:183,0
DA:184,0
DA:185,0
DA:187,6
DA:188,6
DA:190,6
DA:191,6
DA:192,0
DA:193,0
DA:194,0
DA:195,0
DA:196,0
DA:198,6
DA:199,6
DA:200,6
DA:201,6
DA:203,6
DA:205,6
DA:207,6
DA:210,6
DA:211,6
DA:212,0
DA:213,0
DA:215,0
DA:218,6
DA:219,0
DA:220,0
DA:221,0
DA:222,0
DA:223,0
DA:224,0
DA:226,0
DA:227,0
DA:230,6
DA:231,6
DA:232,6
DA:233,12
DA:234,12
DA:235,12
DA:236,12
DA:237,12
DA:238,12
DA:239,12
DA:240,6
DA:241,6
DA:244,6
DA:245,0
DA:246,0
DA:247,0
DA:249,0
DA:250,0
DA:251,0
DA:252,0
DA:253,0
DA:254,0
DA:255,0
DA:256,0
DA:257,0
DA:258,0
DA:259,0
DA:260,0
DA:262,6
DA:263,6
DA:265,6
LF:195
LH:116
BRDA:32,0,0,12
BRDA:33,1,0,0
BRDA:37,2,0,12
BRDA:38,3,0,0
BRDA:45,4,0,0
BRDA:46,5,0,0
BRDA:47,6,0,6
BRDA:48,7,0,0
BRDA:103,8,0,12
BRDA:109,9,0,3
BRDA:110,10,0,9
BRDA:116,11,0,0
BRDA:136,12,0,6
BRDA:149,13,0,0
BRDA:155,14,0,0
BRDA:168,15,0,6
BRDA:191,16,0,0
BRDA:211,17,0,0
BRDA:218,18,0,0
BRDA:244,19,0,0
BRDA:179,20,0,12
BRDA:180,21,0,12
BRDA:232,22,0,12
BRF:23
BRH:11
end_of_record
TN:
SF:src\components\dashboard\PipelineTable.jsx
FN:65,formatNumber
FN:70,formatRevenue
FN:75,truncate
FN:83,MobileTopicCard
FN:137,PipelineTable
FN:246,SortableHead
FN:254,onClick
FN:296,onClick
FN:316,onChange
FN:377,onClick
FN:454,onClick
FN:466,onClick
FN:476,onClick
FN:487,onClick
FN:499,onClick
FNF:15
FNH:5
FNDA:30,formatNumber
FNDA:30,formatRevenue
FNDA:30,truncate
FNDA:0,MobileTopicCard
FNDA:8,PipelineTable
FNDA:36,SortableHead
FNDA:0,onClick
FNDA:0,onClick
FNDA:0,onChange
FNDA:0,onClick
FNDA:0,onClick
FNDA:0,onClick
FNDA:0,onClick
FNDA:0,onClick
FNDA:0,onClick
DA:1,1
DA:33,1
DA:34,1
DA:35,1
DA:36,1
DA:37,1
DA:38,1
DA:39,1
DA:40,1
DA:41,1
DA:42,1
DA:43,1
DA:44,1
DA:45,1
DA:46,1
DA:47,1
DA:48,1
DA:49,1
DA:50,1
DA:51,1
DA:52,1
DA:53,1
DA:55,1
DA:56,1
DA:57,1
DA:58,1
DA:59,1
DA:60,1
DA:65,30
DA:66,30
DA:67,6
DA:68,6
DA:70,30
DA:71,30
DA:72,6
DA:73,6
DA:75,30
DA:76,30
DA:77,30
DA:78,30
DA:83,0
DA:84,0
DA:85,0
DA:86,0
DA:88,0
DA:89,0
DA:90,0
DA:91,0
DA:93,0
DA:94,0
DA:95,0
DA:96,0
DA:97,0
DA:98,0
DA:99,0
DA:100,0
DA:101,0
DA:102,0
DA:103,0
DA:104,0
DA:105,0
DA:107,0
DA:108,0
DA:109,0
DA:111,0
DA:112,0
DA:114,0
DA:115,0
DA:117,0
DA:118,0
DA:119,0
DA:120,0
DA:121,0
DA:122,0
DA:123,0
DA:124,0
DA:126,0
DA:128,0
DA:130,0
DA:132,0
DA:137,8
DA:138,8
DA:139,8
DA:140,8
DA:141,8
DA:142,8
DA:143,8
DA:144,8
DA:146,8
DA:147,8
DA:148,8
DA:149,8
DA:150,8
DA:153,8
DA:156,8
DA:157,0
DA:158,0
DA:159,0
DA:160,0
DA:161,0
DA:162,0
DA:163,0
DA:164,0
DA:165,0
DA:166,0
DA:167,0
DA:168,8
DA:171,8
DA:172,8
DA:174,8
DA:177,8
DA:178,0
DA:179,0
DA:180,0
DA:181,0
DA:182,0
DA:183,0
DA:186,8
DA:187,0
DA:188,0
DA:189,0
DA:190,0
DA:191,0
DA:194,8
DA:195,0
DA:196,0
DA:197,0
DA:198,0
DA:199,0
DA:200,0
DA:201,0
DA:202,0
DA:203,0
DA:204,0
DA:205,0
DA:206,0
DA:207,0
DA:208,0
DA:209,0
DA:210,0
DA:211,0
DA:212,0
DA:213,0
DA:214,0
DA:215,0
DA:216,0
DA:217,0
DA:218,0
DA:219,0
DA:220,0
DA:221,0
DA:222,0
DA:223,0
DA:224,0
DA:226,0
DA:227,0
DA:228,0
DA:229,0
DA:230,0
DA:232,8
DA:233,8
DA:235,8
DA:236,0
DA:237,0
DA:238,0
DA:239,0
DA:240,0
DA:241,0
DA:242,0
DA:243,8
DA:246,8
DA:247,36
DA:248,36
DA:249,36
DA:250,36
DA:251,36
DA:252,36
DA:253,36
DA:254,36
DA:256,36
DA:257,36
DA:258,36
DA:259,0
DA:260,0
DA:261,0
DA:263,36
DA:264,36
DA:266,36
DA:269,8
DA:270,2
DA:271,2
DA:272,2
DA:273,2
DA:274,2
DA:275,2
DA:276,2
DA:278,2
DA:279,2
DA:280,2
DA:282,2
DA:284,6
DA:285,6
DA:287,6
DA:288,6
DA:289,6
DA:290,6
DA:292,6
DA:293,6
DA:294,24
DA:295,24
DA:296,24
DA:297,24
DA:298,24
DA:299,24
DA:300,6
DA:301,18
DA:302,24
DA:304,24
DA:305,24
DA:306,6
DA:307,6
DA:308,6
DA:309,6
DA:311,6
DA:312,6
DA:313,6
DA:314,6
DA:315,6
DA:316,6
DA:317,6
DA:318,6
DA:319,6
DA:320,6
DA:322,6
DA:323,6
DA:324,6
DA:325,6
DA:326,6
DA:327,6
DA:330,6
DA:331,0
DA:332,0
DA:333,0
DA:334,0
DA:335,0
DA:336,0
DA:337,0
DA:338,0
DA:339,0
DA:340,0
DA:342,0
DA:345,6
DA:346,6
DA:347,6
DA:348,6
DA:349,6
DA:350,6
DA:351,6
DA:352,6
DA:353,6
DA:354,6
DA:355,6
DA:356,6
DA:357,6
DA:358,6
DA:359,6
DA:360,6
DA:361,30
DA:362,30
DA:363,30
DA:364,30
DA:365,30
DA:366,30
DA:367,30
DA:369,30
DA:370,30
DA:371,30
DA:372,30
DA:373,30
DA:374,30
DA:375,30
DA:376,30
DA:377,30
DA:380,30
DA:381,30
DA:382,30
DA:385,30
DA:386,30
DA:387,30
DA:388,30
DA:389,30
DA:392,30
DA:393,30
DA:394,30
DA:397,30
DA:398,30
DA:399,30
DA:400,30
DA:401,30
DA:404,30
DA:405,30
DA:406,18
DA:407,18
DA:408,18
DA:409,18
DA:410,18
DA:411,18
DA:412,18
DA:413,18
DA:415,12
DA:417,30
DA:420,30
DA:421,30
DA:422,24
DA:423,24
DA:424,24
DA:425,12
DA:426,12
DA:427,12
DA:428,0
DA:429,24
DA:430,24
DA:431,24
DA:433,6
DA:435,30
DA:438,30
DA:439,30
DA:440,30
DA:443,30
DA:444,30
DA:445,30
DA:446,30
DA:447,30
DA:450,30
DA:451,30
DA:452,30
DA:453,6
DA:454,6
DA:455,6
DA:456,6
DA:458,6
DA:459,6
DA:461,30
DA:462,0
DA:463,0
DA:464,0
DA:465,0
DA:466,0
DA:467,0
DA:469,0
DA:471,0
DA:473,30
DA:474,0
DA:475,0
DA:476,0
DA:477,0
DA:479,0
DA:480,0
DA:482,30
DA:483,0
DA:484,0
DA:485,0
DA:486,0
DA:487,0
DA:488,0
DA:490,0
DA:491,0
DA:493,30
DA:494,30
DA:496,30
DA:497,0
DA:498,0
DA:499,0
DA:500,0
DA:501,0
DA:502,0
DA:504,0
DA:505,0
DA:506,0
DA:507,0
DA:508,0
DA:509,0
DA:510,0
DA:511,0
DA:513,0
DA:515,30
DA:516,30
DA:518,6
DA:519,6
DA:520,0
DA:521,0
DA:523,0
DA:524,0
DA:526,6
DA:527,6
DA:529,8
DA:531,8
LF:397
LH:237
BRDA:65,0,0,30
BRDA:66,1,0,24
BRDA:66,2,0,6
BRDA:70,3,0,30
BRDA:71,4,0,24
BRDA:71,5,0,6
BRDA:75,6,0,30
BRDA:76,7,0,0
BRDA:77,8,0,6
BRDA:77,9,0,24
BRDA:137,10,0,8
BRDA:147,11,0,1
BRDA:147,12,0,7
BRDA:148,13,0,1
BRDA:148,14,0,7
BRDA:269,15,0,2
BRDA:282,16,0,6
BRDA:330,17,0,0
BRDA:342,18,0,6
BRDA:519,19,0,0
BRDA:171,20,0,8
BRDA:172,21,0,0
BRDA:177,22,0,0
BRDA:186,23,0,0
BRDA:194,24,0,0
BRDA:246,25,0,36
BRDA:258,26,0,0
BRDA:293,27,0,24
BRDA:299,28,0,6
BRDA:300,29,0,18
BRDA:360,30,0,30
BRDA:361,31,0,0
BRDA:363,32,0,0
BRDA:363,33,0,0
BRDA:364,34,0,6
BRDA:366,35,0,6
BRDA:375,36,0,6
BRDA:387,37,0,0
BRDA:393,38,0,0
BRDA:405,39,0,18
BRDA:413,40,0,12
BRDA:421,41,0,24
BRDA:424,42,0,12
BRDA:425,43,0,12
BRDA:427,44,0,0
BRDA:431,45,0,6
BRDA:444,46,0,6
BRDA:444,47,0,24
BRDA:452,48,0,6
BRDA:461,49,0,0
BRDA:473,50,0,0
BRDA:482,51,0,0
BRDA:496,52,0,6
BRDA:496,53,0,0
BRF:54
BRH:36
end_of_record
TN:
SF:src\components\dashboard\SegmentedProgressBar.jsx
FN:34,parseProgressString
FN:48,parseProgressLabel
FN:59,computeSegments
FN:98,computeWeightedProgress
FN:119,SegmentedProgressBar
FN:137,onMouseEnter
FN:138,onMouseLeave
FNF:7
FNH:5
FNDA:84,parseProgressString
FNDA:84,parseProgressLabel
FNDA:42,computeSegments
FNDA:48,computeWeightedProgress
FNDA:18,SegmentedProgressBar
FNDA:0,onMouseEnter
FNDA:0,onMouseLeave
DA:1,1
DA:7,1
DA:8,1
DA:9,1
DA:10,1
DA:11,1
DA:12,1
DA:13,1
DA:16,1
DA:17,1
DA:18,1
DA:19,1
DA:20,1
DA:23,1
DA:24,1
DA:25,1
DA:27,1
DA:28,1
DA:29,1
DA:34,84
DA:35,84
DA:36,0
DA:37,0
DA:38,84
DA:39,0
DA:40,0
DA:41,0
DA:42,0
DA:43,0
DA:48,84
DA:49,84
DA:50,0
DA:51,0
DA:52,84
DA:53,0
DA:54,0
DA:59,42
DA:60,42
DA:63,42
DA:64,42
DA:65,42
DA:68,42
DA:71,42
DA:74,42
DA:75,42
DA:76,36
DA:77,18
DA:78,18
DA:79,18
DA:82,42
DA:83,42
DA:84,36
DA:86,42
DA:87,42
DA:88,42
DA:89,42
DA:90,42
DA:91,42
DA:92,42
DA:93,42
DA:98,1
DA:99,48
DA:100,48
DA:101,48
DA:102,48
DA:104,24
DA:105,24
DA:106,24
DA:107,120
DA:108,24
DA:109,24
DA:110,24
DA:119,18
DA:120,18
DA:121,18
DA:123,18
DA:124,18
DA:126,18
DA:127,18
DA:128,90
DA:129,90
DA:130,90
DA:132,90
DA:133,90
DA:134,90
DA:135,90
DA:136,90
DA:137,90
DA:138,90
DA:141,90
DA:143,90
DA:144,90
DA:145,90
DA:146,30
DA:147,60
DA:148,0
DA:149,60
DA:150,90
DA:151,90
DA:152,90
DA:153,90
DA:156,90
DA:157,0
DA:158,0
DA:163,0
DA:165,0
DA:166,0
DA:168,0
DA:169,0
DA:170,0
DA:171,0
DA:173,90
DA:175,18
DA:176,18
DA:177,18
DA:179,18
LF:116
LH:95
BRDA:34,0,0,84
BRDA:35,1,0,0
BRDA:35,2,0,0
BRDA:38,3,0,0
BRDA:48,4,0,84
BRDA:49,5,0,0
BRDA:49,6,0,0
BRDA:52,7,0,0
BRDA:59,8,0,42
BRDA:64,9,0,0
BRDA:68,10,0,0
BRDA:71,11,0,0
BRDA:75,12,0,6
BRDA:75,13,0,36
BRDA:76,14,0,18
BRDA:77,15,0,0
BRDA:78,16,0,0
BRDA:83,17,0,6
BRDA:83,18,0,36
BRDA:84,19,0,0
BRDA:87,20,0,0
BRDA:90,21,0,6
BRDA:90,22,0,36
BRDA:90,23,0,0
BRDA:91,24,0,6
BRDA:91,25,0,36
BRDA:91,26,0,0
BRDA:98,27,0,48
BRDA:100,28,0,12
BRDA:100,29,0,36
BRDA:101,30,0,0
BRDA:101,31,0,36
BRDA:102,32,0,12
BRDA:102,33,0,24
BRDA:106,34,0,120
BRDA:107,35,0,96
BRDA:119,36,0,18
BRDA:127,37,0,90
BRDA:145,38,0,30
BRDA:146,39,0,60
BRDA:147,40,0,0
BRDA:156,41,0,0
BRF:42
BRH:24
end_of_record
TN:
SF:src\components\engagement\CommentFeed.jsx
FN:50,FilterBar
FN:94,formatRelativeTime
FN:115,CommentRow
FN:219,CommentFeed
FNF:4
FNH:0
FNDA:0,FilterBar
FNDA:0,formatRelativeTime
FNDA:0,CommentRow
FNDA:0,CommentFeed
DA:1,1
DA:22,1
DA:23,1
DA:24,1
DA:25,1
DA:26,1
DA:28,1
DA:29,1
DA:30,1
DA:31,1
DA:32,1
DA:36,1
DA:37,1
DA:38,1
DA:39,1
DA:40,1
DA:41,1
DA:43,1
DA:44,1
DA:45,1
DA:46,1
DA:47,1
DA:48,1
DA:50,0
DA:51,0
DA:52,0
DA:53,0
DA:56,0
DA:57,0
DA:58,0
DA:59,0
DA:60,0
DA:61,0
DA:62,0
DA:63,0
DA:64,0
DA:65,0
DA:67,0
DA:68,0
DA:69,0
DA:70,0
DA:73,0
DA:74,0
DA:75,0
DA:76,0
DA:77,0
DA:78,0
DA:79,0
DA:80,0
DA:81,0
DA:82,0
DA:84,0
DA:85,0
DA:86,0
DA:87,0
DA:88,0
DA:90,0
DA:94,0
DA:95,0
DA:96,0
DA:97,0
DA:98,0
DA:99,0
DA:100,0
DA:101,0
DA:102,0
DA:103,0
DA:104,0
DA:105,0
DA:106,0
DA:107,0
DA:108,0
DA:109,0
DA:110,0
DA:111,0
DA:115,0
DA:116,0
DA:118,0
DA:119,0
DA:120,0
DA:121,0
DA:122,0
DA:124,0
DA:125,0
DA:126,0
DA:127,0
DA:128,0
DA:129,0
DA:130,0
DA:131,0
DA:132,0
DA:133,0
DA:134,0
DA:135,0
DA:137,0
DA:138,0
DA:140,0
DA:141,0
DA:143,0
DA:144,0
DA:145,0
DA:146,0
DA:147,0
DA:148,0
DA:150,0
DA:151,0
DA:152,0
DA:153,0
DA:154,0
DA:156,0
DA:157,0
DA:158,0
DA:159,0
DA:160,0
DA:161,0
DA:164,0
DA:165,0
DA:166,0
DA:169,0
DA:170,0
DA:171,0
DA:172,0
DA:173,0
DA:174,0
DA:175,0
DA:176,0
DA:178,0
DA:180,0
DA:181,0
DA:182,0
DA:183,0
DA:184,0
DA:186,0
DA:188,0
DA:190,0
DA:191,0
DA:192,0
DA:193,0
DA:194,0
DA:195,0
DA:197,0
DA:198,0
DA:201,0
DA:202,0
DA:203,0
DA:204,0
DA:205,0
DA:206,0
DA:208,0
DA:210,0
DA:219,0
DA:220,0
DA:221,0
DA:224,0
DA:225,0
DA:226,0
DA:227,0
DA:228,0
DA:229,0
DA:230,0
DA:232,0
DA:233,0
DA:234,0
DA:235,0
DA:236,0
DA:237,0
DA:238,0
DA:241,0
DA:242,0
DA:243,0
DA:244,0
DA:245,0
DA:246,0
DA:248,0
DA:249,0
DA:251,0
DA:252,0
DA:253,0
DA:254,0
DA:255,0
DA:256,0
DA:257,0
DA:258,0
DA:259,0
DA:260,0
DA:261,0
DA:262,0
DA:263,0
DA:264,0
DA:265,0
DA:268,0
DA:269,0
DA:270,0
DA:271,0
DA:272,0
DA:273,0
DA:274,0
DA:275,0
DA:276,0
DA:280,0
DA:281,0
DA:282,0
DA:283,0
DA:284,0
DA:285,0
DA:286,0
DA:287,0
DA:288,0
DA:289,0
DA:290,0
DA:292,0
LF:211
LH:23
BRF:0
BRH:0
end_of_record
TN:
SF:src\components\engagement\ConversionSignals.jsx
FN:24,PlatformBadge
FN:35,IntentBadges
FN:53,HighIntentCard
FN:157,ConversionSignals
FNF:4
FNH:0
FNDA:0,PlatformBadge
FNDA:0,IntentBadges
FNDA:0,HighIntentCard
FNDA:0,ConversionSignals
DA:1,1
DA:18,1
DA:19,1
DA:20,1
DA:21,1
DA:22,1
DA:24,0
DA:25,0
DA:26,0
DA:27,0
DA:28,0
DA:29,0
DA:31,0
DA:35,0
DA:36,0
DA:37,0
DA:38,0
DA:39,0
DA:40,0
DA:41,0
DA:42,0
DA:44,0
DA:45,0
DA:46,0
DA:47,0
DA:49,0
DA:53,0
DA:54,0
DA:55,0
DA:56,0
DA:59,0
DA:60,0
DA:61,0
DA:62,0
DA:63,0
DA:65,0
DA:66,0
DA:67,0
DA:68,0
DA:69,0
DA:70,0
DA:71,0
DA:72,0
DA:73,0
DA:74,0
DA:75,0
DA:76,0
DA:78,0
DA:79,0
DA:81,0
DA:82,0
DA:83,0
DA:84,0
DA:85,0
DA:86,0
DA:87,0
DA:88,0
DA:89,0
DA:90,0
DA:91,0
DA:92,0
DA:95,0
DA:96,0
DA:97,0
DA:100,0
DA:103,0
DA:104,0
DA:105,0
DA:108,0
DA:109,0
DA:110,0
DA:111,0
DA:112,0
DA:113,0
DA:114,0
DA:115,0
DA:116,0
DA:117,0
DA:118,0
DA:120,0
DA:121,0
DA:122,0
DA:123,0
DA:124,0
DA:125,0
DA:127,0
DA:129,0
DA:130,0
DA:131,0
DA:132,0
DA:133,0
DA:134,0
DA:135,0
DA:137,0
DA:138,0
DA:140,0
DA:141,0
DA:143,0
DA:145,0
DA:147,0
DA:157,0
DA:158,0
DA:159,0
DA:160,0
DA:161,0
DA:162,0
DA:163,0
DA:164,0
DA:165,0
DA:166,0
DA:167,0
DA:168,0
DA:170,0
DA:171,0
DA:173,0
DA:174,0
DA:175,0
DA:176,0
DA:178,0
DA:180,0
DA:181,0
DA:182,0
DA:183,0
DA:184,0
DA:185,0
DA:186,0
DA:187,0
DA:188,0
DA:189,0
DA:190,0
DA:192,0
DA:193,0
DA:194,0
DA:195,0
DA:196,0
DA:197,0
DA:198,0
DA:199,0
DA:200,0
DA:201,0
DA:202,0
DA:204,0
LF:142
LH:6
BRF:0
BRH:0
end_of_record
TN:
SF:src\components\engagement\ReplyComposer.jsx
FN:12,ReplyComposer
FNF:1
FNH:0
FNDA:0,ReplyComposer
DA:1,1
DA:12,0
DA:13,0
DA:14,0
DA:16,0
DA:17,0
DA:18,0
DA:19,0
DA:20,0
DA:22,0
DA:23,0
DA:26,0
DA:27,0
DA:28,0
DA:29,0
DA:30,0
DA:31,0
DA:33,0
DA:34,0
DA:35,0
DA:36,0
DA:37,0
DA:38,0
DA:39,0
DA:40,0
DA:41,0
DA:43,0
DA:44,0
DA:45,0
DA:46,0
DA:47,0
DA:48,0
DA:49,0
DA:50,0
DA:51,0
DA:52,0
DA:53,0
DA:54,0
DA:55,0
DA:56,0
DA:57,0
DA:58,0
DA:59,0
DA:61,0
DA:62,0
DA:64,0
DA:65,0
DA:67,0
DA:68,0
DA:69,0
DA:71,0
DA:72,0
DA:73,0
DA:74,0
DA:75,0
DA:76,0
DA:78,0
DA:79,0
DA:81,0
DA:82,0
DA:84,0
DA:85,0
DA:86,0
DA:87,0
DA:89,0
LF:65
LH:1
BRF:0
BRH:0
end_of_record
TN:
SF:src\components\engagement\SentimentChart.jsx
FN:12,ChartTooltip
FN:28,SentimentChart
FNF:2
FNH:0
FNDA:0,ChartTooltip
FNDA:0,SentimentChart
DA:1,1
DA:5,1
DA:6,1
DA:7,1
DA:8,1
DA:9,1
DA:10,1
DA:12,0
DA:13,0
DA:14,0
DA:15,0
DA:16,0
DA:17,0
DA:18,0
DA:19,0
DA:21,0
DA:28,0
DA:29,0
DA:30,0
DA:31,0
DA:32,0
DA:34,0
DA:35,0
DA:36,0
DA:37,0
DA:38,0
DA:39,0
DA:40,0
DA:41,0
DA:42,0
DA:43,0
DA:45,0
DA:47,0
DA:48,0
DA:49,0
DA:50,0
DA:51,0
DA:52,0
DA:54,0
DA:55,0
DA:56,0
DA:58,0
DA:59,0
DA:61,0
DA:62,0
DA:63,0
DA:64,0
DA:65,0
DA:66,0
DA:67,0
DA:68,0
DA:69,0
DA:70,0
DA:71,0
DA:72,0
DA:73,0
DA:74,0
DA:75,0
DA:76,0
DA:78,0
DA:79,0
DA:80,0
DA:81,0
DA:82,0
DA:83,0
DA:84,0
DA:85,0
DA:88,0
DA:89,0
DA:90,0
DA:91,0
DA:92,0
DA:93,0
DA:94,0
DA:95,0
DA:96,0
DA:97,0
DA:98,0
DA:99,0
DA:101,0
LF:80
LH:7
BRF:0
BRH:0
end_of_record
TN:
SF:src\components\ideas\IdeaCard.jsx
FN:21,scoreStyle
FN:28,scoreBarColor
FN:35,statusPillStyle
FN:52,ScoreBar
FN:79,IdeaCard
FN:172,onClick
FN:238,onClick
FN:247,onClick
FN:256,onClick
FN:270,onClick
FN:280,onClick
FNF:11
FNH:5
FNDA:10,scoreStyle
FNDA:30,scoreBarColor
FNDA:10,statusPillStyle
FNDA:30,ScoreBar
FNDA:10,IdeaCard
FNDA:0,onClick
FNDA:0,onClick
FNDA:0,onClick
FNDA:0,onClick
FNDA:0,onClick
FNDA:0,onClick
DA:1,1
DA:21,10
DA:22,10
DA:23,10
DA:24,10
DA:25,0
DA:26,0
DA:28,30
DA:29,30
DA:30,0
DA:31,0
DA:32,0
DA:33,0
DA:35,10
DA:36,10
DA:37,10
DA:38,5
DA:39,10
DA:40,0
DA:41,10
DA:42,0
DA:43,10
DA:44,5
DA:45,10
DA:46,10
DA:52,30
DA:53,30
DA:54,30
DA:55,30
DA:56,30
DA:57,30
DA:58,30
DA:59,30
DA:60,30
DA:61,30
DA:62,30
DA:63,30
DA:64,30
DA:65,30
DA:66,30
DA:67,30
DA:68,30
DA:69,30
DA:70,30
DA:71,30
DA:73,30
DA:79,10
DA:80,10
DA:81,10
DA:82,10
DA:83,10
DA:84,10
DA:85,10
DA:86,10
DA:87,10
DA:88,10
DA:90,10
DA:91,10
DA:93,10
DA:94,10
DA:95,0
DA:96,10
DA:97,0
DA:98,10
DA:99,10
DA:100,0
DA:101,10
DA:102,10
DA:103,0
DA:104,10
DA:106,10
DA:107,10
DA:108,10
DA:109,0
DA:111,10
DA:112,10
DA:113,10
DA:114,10
DA:115,10
DA:116,10
DA:117,10
DA:120,10
DA:121,10
DA:122,10
DA:123,10
DA:124,10
DA:125,10
DA:126,10
DA:127,10
DA:128,10
DA:129,10
DA:131,10
DA:132,10
DA:133,10
DA:134,10
DA:135,10
DA:136,10
DA:137,10
DA:138,10
DA:139,10
DA:141,10
DA:142,10
DA:143,10
DA:146,10
DA:147,10
DA:148,10
DA:151,10
DA:152,0
DA:153,0
DA:154,0
DA:158,10
DA:159,10
DA:160,10
DA:161,10
DA:162,10
DA:165,10
DA:166,0
DA:167,0
DA:168,0
DA:169,0
DA:170,0
DA:171,0
DA:172,0
DA:173,0
DA:175,0
DA:176,0
DA:177,0
DA:179,0
DA:181,0
DA:182,0
DA:184,0
DA:186,0
DA:188,0
DA:192,10
DA:193,0
DA:194,0
DA:195,0
DA:196,0
DA:197,0
DA:198,0
DA:200,0
DA:201,0
DA:202,0
DA:203,0
DA:204,0
DA:205,0
DA:206,0
DA:207,0
DA:208,0
DA:210,0
DA:211,0
DA:212,0
DA:213,0
DA:214,0
DA:218,10
DA:219,0
DA:220,0
DA:221,0
DA:222,0
DA:223,0
DA:225,0
DA:226,0
DA:227,0
DA:228,0
DA:232,10
DA:233,10
DA:234,5
DA:235,5
DA:236,5
DA:237,5
DA:238,5
DA:239,5
DA:241,5
DA:243,5
DA:244,5
DA:245,5
DA:246,5
DA:247,5
DA:248,5
DA:249,5
DA:251,5
DA:252,5
DA:253,5
DA:254,5
DA:255,5
DA:256,5
DA:257,5
DA:258,5
DA:260,5
DA:261,5
DA:262,5
DA:264,5
DA:265,5
DA:266,0
DA:267,0
DA:268,0
DA:269,0
DA:270,0
DA:271,0
DA:273,0
DA:274,0
DA:276,5
DA:277,5
DA:278,5
DA:279,5
DA:280,5
DA:281,5
DA:283,5
DA:285,5
DA:287,5
DA:289,10
DA:290,10
DA:292,10
LF:213
LH:143
BRDA:21,0,0,10
BRDA:22,1,0,0
BRDA:23,2,0,0
BRDA:24,3,0,0
BRDA:28,4,0,30
BRDA:29,5,0,0
BRDA:35,6,0,10
BRDA:37,7,0,5
BRDA:39,8,0,0
BRDA:41,9,0,0
BRDA:43,10,0,5
BRDA:52,11,0,30
BRDA:79,12,0,10
BRDA:91,13,0,5
BRDA:94,14,0,0
BRDA:96,15,0,0
BRDA:99,16,0,0
BRDA:102,17,0,0
BRDA:108,18,0,0
BRDA:131,19,0,0
BRDA:132,20,0,0
BRDA:141,21,0,0
BRDA:151,22,0,0
BRDA:165,23,0,0
BRDA:192,24,0,0
BRDA:218,25,0,0
BRDA:233,26,0,5
BRDA:262,27,0,5
BRDA:265,28,0,0
BRDA:265,29,0,0
BRF:30
BRH:10
end_of_record
TN:
SF:src\components\ideas\IdeasDateFilter.jsx
FN:10,IdeasDateFilter
FN:16,onClick
FNF:2
FNH:1
FNDA:5,IdeasDateFilter
FNDA:0,onClick
DA:1,1
DA:3,1
DA:4,1
DA:5,1
DA:6,1
DA:7,1
DA:8,1
DA:10,5
DA:11,5
DA:12,5
DA:13,5
DA:14,20
DA:15,20
DA:16,20
DA:17,20
DA:18,20
DA:19,20
DA:20,5
DA:21,15
DA:22,20
DA:24,20
DA:25,20
DA:26,5
DA:27,5
DA:29,5
LF:25
LH:25
BRDA:10,0,0,5
BRDA:13,1,0,20
BRDA:19,2,0,5
BRDA:20,3,0,15
BRF:4
BRH:4
end_of_record
TN:
SF:src\components\layout\AppLayout.jsx
FN:6,AppLayout
FNF:1
FNH:1
FNDA:5,AppLayout
DA:1,1
DA:6,5
DA:7,5
DA:9,5
DA:10,5
DA:11,5
DA:12,5
DA:13,5
DA:14,5
DA:15,5
DA:17,5
DA:18,5
DA:19,5
DA:20,5
DA:21,5
DA:22,5
DA:23,5
DA:24,5
DA:25,5
DA:27,5
DA:28,5
DA:30,5
LF:22
LH:22
BRDA:6,0,0,5
BRF:1
BRH:1
end_of_record
TN:
SF:src\components\layout\CommandPalette.jsx
FN:18,CommandPalette
FN:24,down
FN:34,go
FN:48,onSelect
FN:52,onSelect
FN:56,onSelect
FNF:6
FNH:1
FNDA:4,CommandPalette
FNDA:0,down
FNDA:0,go
FNDA:0,onSelect
FNDA:0,onSelect
FNDA:0,onSelect
DA:1,1
DA:18,4
DA:19,4
DA:20,4
DA:21,4
DA:23,4
DA:24,4
DA:25,0
DA:26,0
DA:27,0
DA:28,0
DA:29,0
DA:30,4
DA:31,4
DA:32,4
DA:34,4
DA:35,0
DA:36,0
DA:37,0
DA:39,4
DA:41,4
DA:42,4
DA:43,4
DA:44,4
DA:45,4
DA:47,4
DA:48,4
DA:49,4
DA:51,4
DA:52,4
DA:53,4
DA:55,4
DA:56,4
DA:57,4
DA:59,4
DA:60,4
DA:62,4
DA:63,0
DA:64,0
DA:65,0
DA:66,0
DA:67,0
DA:68,0
DA:69,0
DA:70,0
DA:71,0
DA:72,0
DA:73,0
DA:75,4
DA:76,4
DA:78,4
LF:51
LH:32
BRDA:18,0,0,4
BRDA:62,1,0,0
BRDA:23,2,0,4
BRDA:31,3,0,4
BRF:4
BRH:3
end_of_record
TN:
SF:src\components\layout\ConnectionStatus.jsx
FN:10,ConnectionStatus
FNF:1
FNH:1
FNDA:6,ConnectionStatus
DA:1,1
DA:10,6
DA:11,6
DA:13,6
DA:14,6
DA:15,0
DA:16,6
DA:17,6
DA:18,6
DA:19,6
DA:20,6
DA:22,6
DA:23,6
DA:24,6
DA:25,6
DA:26,6
DA:27,6
DA:28,6
DA:29,6
DA:30,6
DA:31,6
DA:32,6
DA:33,6
DA:34,6
DA:35,6
DA:36,6
DA:38,6
LF:27
LH:26
BRDA:10,0,0,6
BRDA:28,1,0,0
BRDA:33,2,0,0
BRDA:13,3,0,6
BRDA:17,4,0,6
BRF:5
BRH:3
end_of_record
TN:
SF:src\components\layout\Sidebar.jsx
FN:75,resolveNavPath
FN:81,NavItem
FN:85,linkContent
FN:121,className
FN:151,ProjectSelector
FN:164,statusDotColor
FN:213,TotalSpend
FN:275,usePendingTopicsCount
FN:323,Sidebar
FN:341,handleKeyDown
FN:355,handler
FN:363,closeMobile
FN:589,onClick
FNF:13
FNH:8
FNDA:12,resolveNavPath
FNDA:56,NavItem
FNDA:64,linkContent
FNDA:52,className
FNDA:1,ProjectSelector
FNDA:0,statusDotColor
FNDA:12,TotalSpend
FNDA:11,usePendingTopicsCount
FNDA:12,Sidebar
FNDA:0,handleKeyDown
FNDA:0,handler
FNDA:0,closeMobile
FNDA:0,onClick
DA:1,1
DA:53,1
DA:54,1
DA:55,1
DA:56,1
DA:57,1
DA:58,1
DA:60,1
DA:61,1
DA:62,1
DA:63,1
DA:64,1
DA:65,1
DA:66,1
DA:67,1
DA:68,1
DA:69,1
DA:70,1
DA:71,1
DA:72,1
DA:73,1
DA:75,12
DA:76,12
DA:77,12
DA:81,56
DA:82,56
DA:83,56
DA:85,56
DA:86,64
DA:87,64
DA:88,64
DA:89,64
DA:90,64
DA:91,64
DA:92,13
DA:93,51
DA:94,64
DA:95,64
DA:96,64
DA:97,64
DA:98,0
DA:99,0
DA:100,0
DA:102,64
DA:103,64
DA:104,52
DA:105,52
DA:106,52
DA:107,52
DA:108,52
DA:110,52
DA:111,52
DA:113,64
DA:116,56
DA:117,56
DA:118,56
DA:119,56
DA:120,56
DA:121,56
DA:122,52
DA:123,52
DA:124,52
DA:125,52
DA:126,10
DA:127,42
DA:128,52
DA:131,56
DA:132,56
DA:135,56
DA:136,4
DA:137,4
DA:138,4
DA:139,4
DA:140,4
DA:141,4
DA:142,4
DA:144,4
DA:146,52
DA:147,52
DA:151,1
DA:152,1
DA:153,1
DA:155,1
DA:156,1
DA:157,1
DA:158,1
DA:160,1
DA:162,1
DA:164,0
DA:165,0
DA:166,0
DA:167,0
DA:168,0
DA:169,0
DA:171,0
DA:172,0
DA:173,0
DA:174,0
DA:175,0
DA:176,0
DA:177,1
DA:178,1
DA:179,1
DA:180,1
DA:181,1
DA:182,1
DA:183,1
DA:184,0
DA:185,0
DA:186,0
DA:187,0
DA:188,0
DA:189,0
DA:190,0
DA:191,0
DA:192,0
DA:193,0
DA:194,0
DA:196,0
DA:197,0
DA:198,0
DA:199,0
DA:200,0
DA:201,0
DA:202,0
DA:203,0
DA:204,1
DA:205,1
DA:206,1
DA:207,1
DA:209,1
DA:213,12
DA:214,12
DA:216,12
DA:217,11
DA:218,11
DA:219,11
DA:220,11
DA:221,9
DA:222,9
DA:223,9
DA:224,9
DA:225,9
DA:226,11
DA:228,11
DA:229,11
DA:230,11
DA:231,11
DA:232,11
DA:233,11
DA:234,0
DA:235,0
DA:236,0
DA:237,0
DA:238,0
DA:239,0
DA:240,0
DA:241,0
DA:242,0
DA:243,0
DA:244,0
DA:245,11
DA:246,11
DA:248,11
DA:249,9
DA:250,9
DA:251,12
DA:253,12
DA:255,0
DA:256,0
DA:257,0
DA:258,0
DA:259,12
DA:260,12
DA:261,12
DA:263,12
DA:264,0
DA:265,0
DA:267,0
DA:269,12
DA:271,12
DA:275,11
DA:276,11
DA:278,11
DA:279,11
DA:281,1
DA:282,1
DA:283,1
DA:284,1
DA:285,1
DA:286,1
DA:287,1
DA:288,1
DA:290,1
DA:291,1
DA:292,1
DA:293,1
DA:294,1
DA:295,1
DA:296,1
DA:297,1
DA:298,1
DA:299,1
DA:300,1
DA:301,0
DA:302,0
DA:303,0
DA:304,0
DA:305,0
DA:306,0
DA:307,0
DA:308,0
DA:309,0
DA:310,1
DA:311,1
DA:313,1
DA:314,1
DA:315,1
DA:316,11
DA:318,11
DA:319,11
DA:323,12
DA:324,12
DA:325,12
DA:326,12
DA:327,12
DA:328,12
DA:330,12
DA:331,12
DA:332,12
DA:333,12
DA:334,12
DA:335,12
DA:336,12
DA:337,12
DA:340,12
DA:341,11
DA:342,0
DA:343,0
DA:344,0
DA:345,0
DA:346,0
DA:347,11
DA:348,11
DA:349,12
DA:352,12
DA:353,11
DA:354,11
DA:355,11
DA:356,0
DA:357,0
DA:359,11
DA:360,11
DA:361,12
DA:363,12
DA:365,12
DA:366,12
DA:367,12
DA:369,12
DA:370,12
DA:371,12
DA:372,12
DA:373,12
DA:374,10
DA:375,10
DA:377,10
DA:378,10
DA:380,10
DA:381,10
DA:383,12
DA:386,12
DA:387,1
DA:388,1
DA:389,1
DA:390,1
DA:394,12
DA:395,10
DA:396,10
DA:397,10
DA:398,10
DA:399,10
DA:401,10
DA:402,10
DA:403,10
DA:405,12
DA:406,1
DA:407,1
DA:408,1
DA:409,1
DA:410,1
DA:411,1
DA:412,1
DA:413,1
DA:414,1
DA:415,1
DA:416,1
DA:417,1
DA:421,12
DA:423,12
DA:424,10
DA:425,10
DA:427,10
DA:428,10
DA:430,12
DA:431,44
DA:432,44
DA:433,44
DA:434,44
DA:435,44
DA:436,44
DA:437,44
DA:438,44
DA:439,12
DA:442,12
DA:443,1
DA:444,1
DA:445,1
DA:446,1
DA:448,1
DA:449,1
DA:451,1
DA:452,1
DA:453,12
DA:454,12
DA:455,12
DA:456,12
DA:457,12
DA:458,12
DA:459,12
DA:460,12
DA:461,12
DA:462,0
DA:463,12
DA:465,12
DA:466,1
DA:467,1
DA:469,12
DA:472,12
DA:473,12
DA:474,1
DA:475,1
DA:476,1
DA:477,1
DA:478,1
DA:479,1
DA:480,0
DA:481,1
DA:482,0
DA:483,1
DA:484,1
DA:485,1
DA:486,1
DA:487,0
DA:488,1
DA:491,1
DA:492,1
DA:493,1
DA:494,1
DA:495,1
DA:496,1
DA:497,1
DA:498,1
DA:500,1
DA:503,12
DA:506,12
DA:507,12
DA:508,12
DA:509,12
DA:510,12
DA:512,12
DA:514,12
DA:515,12
DA:516,10
DA:518,10
DA:520,12
DA:523,12
DA:524,1
DA:525,1
DA:526,1
DA:527,1
DA:528,1
DA:530,1
DA:531,1
DA:532,1
DA:533,1
DA:534,1
DA:535,1
DA:536,1
DA:537,1
DA:538,1
DA:539,1
DA:541,10
DA:542,10
DA:543,10
DA:545,10
DA:546,10
DA:547,10
DA:548,10
DA:549,10
DA:550,10
DA:552,12
DA:553,12
DA:554,12
DA:559,12
DA:560,0
DA:561,0
DA:563,0
DA:564,0
DA:565,0
DA:566,0
DA:567,0
DA:568,0
DA:569,0
DA:571,0
DA:575,11
DA:576,11
DA:577,11
DA:578,11
DA:579,11
DA:580,11
DA:581,11
DA:582,12
DA:583,12
DA:585,12
DA:588,12
DA:589,12
DA:590,12
DA:591,12
DA:593,12
DA:594,1
DA:596,10
DA:598,12
DA:599,12
DA:601,12
LF:434
LH:352
BRDA:75,0,0,12
BRDA:76,1,0,0
BRDA:81,2,0,56
BRDA:83,3,0,12
BRDA:83,4,0,44
BRDA:135,5,0,4
BRDA:144,6,0,52
BRDA:85,7,0,64
BRDA:91,8,0,13
BRDA:92,9,0,51
BRDA:95,10,0,13
BRDA:95,11,0,51
BRDA:97,12,0,0
BRDA:103,13,0,52
BRDA:107,14,0,10
BRDA:107,15,0,42
BRDA:121,16,0,52
BRDA:124,17,0,0
BRDA:125,18,0,10
BRDA:126,19,0,42
BRDA:151,20,0,1
BRDA:162,21,0,0
BRDA:177,22,0,0
BRDA:177,23,0,0
BRDA:155,24,0,1
BRDA:213,25,0,12
BRDA:253,26,0,11
BRDA:253,27,0,0
BRDA:259,28,0,0
BRDA:261,29,0,0
BRDA:261,30,0,0
BRDA:263,31,0,0
BRDA:216,32,0,11
BRDA:220,33,0,9
BRDA:221,34,0,0
BRDA:248,35,0,9
BRDA:275,36,0,11
BRDA:278,37,0,11
BRDA:279,38,0,10
BRDA:279,39,0,1
BRDA:286,40,0,1
BRDA:313,41,0,1
BRDA:323,42,0,12
BRDA:326,43,0,1
BRDA:326,44,0,10
BRDA:331,45,0,1
BRDA:333,46,0,1
BRDA:333,47,0,10
BRDA:336,48,0,1
BRDA:336,49,0,10
BRDA:373,50,0,10
BRDA:386,51,0,1
BRDA:394,52,0,10
BRDA:405,53,0,1
BRDA:423,54,0,10
BRDA:442,55,0,1
BRDA:451,56,0,0
BRDA:473,57,0,1
BRDA:478,58,0,0
BRDA:479,59,0,0
BRDA:481,60,0,0
BRDA:486,61,0,0
BRDA:509,62,0,1
BRDA:509,63,0,10
BRDA:515,64,0,10
BRDA:523,65,0,1
BRDA:539,66,0,10
BRDA:559,67,0,0
BRDA:571,68,0,11
BRDA:582,69,0,1
BRDA:582,70,0,10
BRDA:591,71,0,1
BRDA:591,72,0,10
BRDA:593,73,0,1
BRDA:594,74,0,10
BRDA:340,75,0,11
BRDA:348,76,0,11
BRDA:352,77,0,11
BRDA:353,78,0,0
BRDA:360,79,0,11
BRDA:430,80,0,44
BRDA:452,81,0,12
BRDA:461,82,0,1
BRDA:461,83,0,0
BRF:84
BRH:64
end_of_record
TN:
SF:src\components\layout\ThemeToggle.jsx
FN:1,(empty-report)
FNF:1
FNH:1
FNDA:1,(empty-report)
DA:2,0
DA:3,0
DA:4,0
LF:3
LH:0
BRDA:1,0,0,1
BRF:1
BRH:1
end_of_record
TN:
SF:src\components\layout\TopBar.jsx
FN:39,relativeTime
FN:56,useBreadcrumbs
FN:99,NotificationDropdown
FN:211,TopBar
FN:236,handleDismissAll
FN:257,onClick
FN:288,onClick
FN:303,onClose
FNF:8
FNH:2
FNDA:0,relativeTime
FNDA:6,useBreadcrumbs
FNDA:0,NotificationDropdown
FNDA:6,TopBar
FNDA:0,handleDismissAll
FNDA:0,onClick
FNDA:0,onClick
FNDA:0,onClose
DA:1,1
DA:21,1
DA:22,1
DA:23,1
DA:24,1
DA:25,1
DA:26,1
DA:27,1
DA:29,1
DA:30,1
DA:31,1
DA:32,1
DA:33,1
DA:34,1
DA:35,1
DA:39,0
DA:40,0
DA:41,0
DA:42,0
DA:43,0
DA:44,0
DA:45,0
DA:46,0
DA:47,0
DA:48,0
DA:49,0
DA:50,0
DA:51,0
DA:52,0
DA:56,6
DA:57,6
DA:58,6
DA:60,6
DA:61,6
DA:63,6
DA:64,0
DA:65,0
DA:67,0
DA:69,0
DA:70,0
DA:71,0
DA:73,0
DA:75,0
DA:76,0
DA:77,0
DA:78,0
DA:79,0
DA:80,0
DA:81,0
DA:82,0
DA:83,0
DA:84,0
DA:85,0
DA:86,0
DA:87,0
DA:88,0
DA:89,0
DA:90,0
DA:91,0
DA:93,0
DA:94,6
DA:95,6
DA:99,0
DA:100,0
DA:101,0
DA:104,0
DA:105,0
DA:106,0
DA:107,0
DA:108,0
DA:109,0
DA:110,0
DA:111,0
DA:112,0
DA:115,0
DA:116,0
DA:117,0
DA:118,0
DA:119,0
DA:120,0
DA:121,0
DA:123,0
DA:124,0
DA:125,0
DA:126,0
DA:129,0
DA:130,0
DA:132,0
DA:133,0
DA:134,0
DA:135,0
DA:136,0
DA:138,0
DA:139,0
DA:140,0
DA:143,0
DA:144,0
DA:145,0
DA:146,0
DA:147,0
DA:149,0
DA:150,0
DA:152,0
DA:153,0
DA:154,0
DA:155,0
DA:156,0
DA:158,0
DA:159,0
DA:160,0
DA:161,0
DA:162,0
DA:163,0
DA:164,0
DA:165,0
DA:167,0
DA:168,0
DA:170,0
DA:171,0
DA:172,0
DA:173,0
DA:174,0
DA:175,0
DA:176,0
DA:177,0
DA:178,0
DA:179,0
DA:180,0
DA:181,0
DA:182,0
DA:183,0
DA:184,0
DA:185,0
DA:186,0
DA:187,0
DA:188,0
DA:190,0
DA:192,0
DA:195,0
DA:196,0
DA:197,0
DA:198,0
DA:199,0
DA:200,0
DA:202,0
DA:203,0
DA:205,0
DA:207,0
DA:211,6
DA:212,6
DA:213,6
DA:214,6
DA:215,6
DA:216,6
DA:217,0
DA:218,0
DA:219,6
DA:221,6
DA:222,6
DA:223,6
DA:226,6
DA:227,6
DA:228,4
DA:229,0
DA:230,0
DA:231,0
DA:232,6
DA:234,6
DA:236,6
DA:237,0
DA:238,0
DA:239,0
DA:240,0
DA:241,0
DA:243,0
DA:244,0
DA:245,0
DA:247,6
DA:248,6
DA:249,6
DA:250,6
DA:253,6
DA:254,6
DA:255,6
DA:256,6
DA:257,6
DA:259,6
DA:260,6
DA:263,6
DA:264,6
DA:265,6
DA:266,6
DA:267,0
DA:269,6
DA:270,0
DA:271,0
DA:272,0
DA:274,0
DA:275,0
DA:277,6
DA:279,6
DA:280,6
DA:281,6
DA:284,6
DA:286,6
DA:287,6
DA:288,6
DA:289,6
DA:290,6
DA:292,6
DA:293,6
DA:294,0
DA:295,0
DA:296,0
DA:298,6
DA:300,6
DA:301,0
DA:302,0
DA:303,0
DA:304,0
DA:305,0
DA:307,6
DA:310,6
DA:311,6
DA:312,6
DA:314,6
LF:226
LH:74
BRDA:56,0,0,6
BRDA:60,1,0,6
BRDA:63,2,0,0
BRDA:211,3,0,6
BRDA:250,4,0,0
BRDA:290,5,0,0
BRDA:293,6,0,0
BRDA:300,7,0,0
BRDA:213,8,0,6
BRDA:216,9,0,0
BRDA:226,10,0,6
BRDA:227,11,0,4
BRDA:227,12,0,2
BRDA:227,13,0,4
BRDA:228,14,0,0
BRDA:264,15,0,6
BRDA:266,16,0,0
BRDA:269,17,0,0
BRF:18
BRH:9
end_of_record
TN:
SF:src\components\production\ActivityLog.jsx
FN:8,relativeTime
FN:36,ActivityLog
FN:46,onClick
FN:88,onClick
FNF:4
FNH:1
FNDA:0,relativeTime
FNDA:19,ActivityLog
FNDA:0,onClick
FNDA:0,onClick
DA:1,1
DA:8,0
DA:9,0
DA:10,0
DA:11,0
DA:12,0
DA:14,0
DA:15,0
DA:16,0
DA:17,0
DA:18,0
DA:23,1
DA:24,1
DA:25,1
DA:26,1
DA:27,1
DA:28,1
DA:29,1
DA:30,1
DA:36,19
DA:37,19
DA:38,19
DA:40,19
DA:41,19
DA:43,19
DA:44,19
DA:45,19
DA:46,19
DA:47,19
DA:49,19
DA:50,0
DA:52,19
DA:54,19
DA:55,19
DA:57,19
DA:58,19
DA:59,19
DA:60,19
DA:61,19
DA:63,19
DA:64,0
DA:65,0
DA:66,0
DA:68,0
DA:69,0
DA:70,0
DA:71,0
DA:72,0
DA:73,0
DA:75,0
DA:76,0
DA:77,0
DA:78,0
DA:79,0
DA:80,0
DA:81,0
DA:82,0
DA:84,0
DA:86,0
DA:87,0
DA:88,0
DA:89,0
DA:90,0
DA:91,0
DA:92,0
DA:94,0
DA:96,19
DA:98,19
LF:68
LH:31
BRDA:36,0,0,19
BRDA:40,1,0,0
BRDA:41,2,0,0
BRDA:49,3,0,0
BRDA:63,4,0,0
BRF:5
BRH:1
end_of_record
TN:
SF:src\components\production\CostBreakdown.jsx
FN:14,CostBreakdown
FNF:1
FNH:1
FNDA:19,CostBreakdown
DA:1,1
DA:3,1
DA:4,1
DA:5,1
DA:6,1
DA:7,1
DA:8,1
DA:9,1
DA:14,19
DA:15,19
DA:17,19
DA:18,19
DA:19,19
DA:20,19
DA:21,19
DA:22,19
DA:24,19
DA:25,19
DA:26,19
DA:28,19
DA:29,19
DA:30,95
DA:31,95
DA:32,95
DA:33,95
DA:34,95
DA:35,95
DA:36,95
DA:37,95
DA:39,19
DA:40,19
DA:41,19
DA:43,19
LF:33
LH:33
BRDA:14,0,0,19
BRDA:15,1,0,0
BRDA:29,2,0,95
BRDA:30,3,0,12
BRF:4
BRH:3
end_of_record
TN:
SF:src\components\production\CostEstimateDialog.jsx
FN:16,CostEstimateDialog
FN:35,onOpenChange
FNF:2
FNH:1
FNDA:25,CostEstimateDialog
FNDA:0,onOpenChange
DA:1,1
DA:16,25
DA:17,25
DA:18,25
DA:19,25
DA:20,25
DA:21,25
DA:22,25
DA:23,25
DA:24,25
DA:25,25
DA:27,25
DA:28,25
DA:29,25
DA:30,25
DA:31,25
DA:32,25
DA:34,25
DA:35,25
DA:36,25
DA:37,25
DA:38,25
DA:39,25
DA:41,25
DA:42,25
DA:44,25
DA:46,25
DA:47,25
DA:48,25
DA:49,25
DA:50,25
DA:51,25
DA:52,4
DA:53,4
DA:54,4
DA:55,4
DA:56,4
DA:57,4
DA:58,4
DA:59,4
DA:60,25
DA:61,25
DA:62,25
DA:65,25
DA:66,25
DA:68,25
DA:69,25
DA:70,25
DA:71,25
DA:72,25
DA:73,25
DA:74,25
DA:75,25
DA:76,25
DA:77,25
DA:78,25
DA:79,25
DA:80,25
DA:81,25
DA:82,25
DA:83,25
DA:84,25
DA:85,25
DA:86,25
DA:87,25
DA:88,25
DA:89,25
DA:90,25
DA:91,25
DA:92,25
DA:95,25
DA:96,25
DA:97,25
DA:98,25
DA:99,25
DA:100,25
DA:101,25
DA:102,25
DA:103,25
DA:104,25
DA:106,25
DA:107,25
DA:109,25
DA:110,25
DA:111,25
DA:112,0
DA:114,25
DA:115,25
DA:117,25
DA:118,25
DA:119,25
DA:120,25
DA:122,25
LF:93
LH:92
BRDA:16,0,0,25
BRDA:101,1,0,23
BRDA:101,2,0,2
BRDA:111,3,0,0
BRDA:51,4,0,4
BRDA:57,5,0,0
BRF:6
BRH:4
end_of_record
TN:
SF:src\components\production\DotGrid.jsx
FN:4,getDotColor
FN:18,isPartialProgress
FN:28,getDotTooltipStatus
FN:47,DotGrid
FN:127,onClick
FN:128,onMouseEnter
FN:129,onMouseLeave
FNF:7
FNH:5
FNDA:61,getDotColor
FNDA:122,isPartialProgress
FNDA:1,getDotTooltipStatus
FNDA:28,DotGrid
FNDA:0,onClick
FNDA:1,onMouseEnter
FNDA:0,onMouseLeave
DA:1,1
DA:4,61
DA:5,61
DA:6,61
DA:7,61
DA:8,61
DA:9,61
DA:10,61
DA:11,56
DA:12,61
DA:13,56
DA:14,61
DA:15,2
DA:16,2
DA:18,122
DA:19,122
DA:20,122
DA:21,122
DA:22,112
DA:23,122
DA:24,122
DA:25,122
DA:26,122
DA:28,1
DA:29,1
DA:30,1
DA:31,1
DA:32,1
DA:33,1
DA:34,1
DA:35,0
DA:36,0
DA:38,1
DA:39,1
DA:40,1
DA:41,1
DA:42,1
DA:43,1
DA:44,1
DA:45,1
DA:47,28
DA:48,28
DA:50,28
DA:51,61
DA:52,61
DA:53,61
DA:54,61
DA:55,28
DA:57,28
DA:58,28
DA:59,28
DA:60,28
DA:61,28
DA:62,28
DA:65,28
DA:66,28
DA:67,11
DA:68,11
DA:69,11
DA:70,28
DA:71,16
DA:72,16
DA:73,16
DA:74,17
DA:75,1
DA:76,1
DA:77,1
DA:78,1
DA:80,28
DA:81,28
DA:83,28
DA:84,28
DA:85,28
DA:86,28
DA:87,28
DA:88,28
DA:89,28
DA:90,28
DA:91,14
DA:93,28
DA:94,28
DA:97,28
DA:98,28
DA:99,28
DA:100,28
DA:101,28
DA:102,28
DA:105,28
DA:106,28
DA:107,43
DA:108,43
DA:109,43
DA:110,43
DA:111,43
DA:112,43
DA:113,61
DA:114,61
DA:115,61
DA:116,61
DA:118,61
DA:120,61
DA:121,61
DA:123,61
DA:124,61
DA:125,61
DA:126,61
DA:127,61
DA:128,61
DA:129,61
DA:130,61
DA:131,43
DA:132,43
DA:133,43
DA:134,28
DA:135,28
DA:138,28
DA:139,1
DA:140,1
DA:141,1
DA:143,1
DA:144,1
DA:145,1
DA:146,1
DA:147,1
DA:148,1
DA:149,1
DA:150,1
DA:151,1
DA:152,1
DA:153,1
DA:154,1
DA:158,28
DA:159,28
DA:160,168
DA:161,168
DA:162,168
DA:163,168
DA:164,28
DA:165,28
DA:166,28
DA:168,28
LF:141
LH:139
BRDA:4,0,0,61
BRDA:6,1,0,0
BRDA:7,2,0,47
BRDA:8,3,0,14
BRDA:8,4,0,47
BRDA:9,5,0,34
BRDA:10,6,0,13
BRDA:10,7,0,56
BRDA:10,8,0,34
BRDA:11,9,0,18
BRDA:12,10,0,56
BRDA:12,11,0,26
BRDA:12,12,0,16
BRDA:12,13,0,18
BRDA:13,14,0,2
BRDA:14,15,0,56
BRDA:14,16,0,16
BRDA:14,17,0,2
BRDA:18,18,0,122
BRDA:19,19,0,0
BRDA:20,20,0,94
BRDA:20,21,0,28
BRDA:20,22,0,94
BRDA:21,23,0,68
BRDA:21,24,0,26
BRDA:21,25,0,112
BRDA:21,26,0,68
BRDA:22,27,0,4
BRDA:23,28,0,36
BRDA:24,29,0,64
BRDA:25,30,0,4
BRDA:25,31,0,4
BRDA:28,32,0,1
BRDA:29,33,0,0
BRDA:30,34,0,0
BRDA:31,35,0,0
BRDA:32,36,0,0
BRDA:33,37,0,0
BRDA:34,38,0,0
BRDA:34,39,0,0
BRDA:47,40,0,28
BRDA:66,41,0,19
BRDA:66,42,0,18
BRDA:66,43,0,11
BRDA:69,44,0,0
BRDA:70,45,0,17
BRDA:70,46,0,5
BRDA:70,47,0,16
BRDA:73,48,0,0
BRDA:74,49,0,1
BRDA:77,50,0,0
BRDA:90,51,0,14
BRDA:138,52,0,1
BRDA:50,53,0,61
BRDA:51,54,0,0
BRDA:52,55,0,43
BRDA:57,56,0,61
BRDA:57,57,0,2
BRDA:58,58,0,61
BRDA:58,59,0,32
BRDA:59,60,0,61
BRDA:59,61,0,48
BRDA:61,62,0,61
BRDA:61,63,0,47
BRDA:106,64,0,43
BRDA:112,65,0,61
BRDA:118,66,0,47
BRDA:118,67,0,14
BRDA:121,68,0,32
BRDA:121,69,0,29
BRDA:125,70,0,32
BRDA:125,71,0,29
BRDA:128,72,0,1
BRDA:159,73,0,168
BRF:74
BRH:61
end_of_record
TN:
SF:src\components\production\ErrorLogModal.jsx
FN:16,formatTimestamp
FN:31,ErrorLogModal
FN:34,queryFn
FN:50,onOpenChange
FNF:4
FNH:1
FNDA:0,formatTimestamp
FNDA:25,ErrorLogModal
FNDA:0,queryFn
FNDA:0,onOpenChange
DA:1,1
DA:16,0
DA:17,0
DA:18,0
DA:19,0
DA:20,0
DA:21,0
DA:22,0
DA:23,0
DA:24,0
DA:25,0
DA:26,0
DA:31,25
DA:32,25
DA:33,25
DA:34,25
DA:35,0
DA:36,0
DA:37,0
DA:38,0
DA:39,0
DA:40,0
DA:41,0
DA:43,0
DA:44,0
DA:45,0
DA:46,25
DA:47,25
DA:49,25
DA:50,25
DA:51,25
DA:52,25
DA:53,25
DA:54,25
DA:56,25
DA:57,25
DA:59,25
DA:60,0
DA:61,0
DA:62,0
DA:63,0
DA:64,25
DA:65,25
DA:66,25
DA:67,25
DA:69,25
DA:70,25
DA:72,25
DA:73,25
DA:75,0
DA:76,0
DA:77,0
DA:78,0
DA:79,0
DA:81,0
DA:82,0
DA:84,0
DA:85,0
DA:87,0
DA:88,0
DA:89,0
DA:90,0
DA:91,0
DA:92,0
DA:93,0
DA:94,0
DA:96,0
DA:97,0
DA:98,0
DA:99,0
DA:100,0
DA:101,0
DA:102,0
DA:103,0
DA:104,0
DA:105,0
DA:106,0
DA:108,0
DA:109,0
DA:110,0
DA:111,0
DA:112,0
DA:113,0
DA:114,0
DA:116,0
DA:117,0
DA:118,0
DA:119,0
DA:121,25
DA:122,25
DA:124,25
LF:91
LH:27
BRDA:31,0,0,25
BRDA:46,1,0,19
BRDA:59,2,0,0
BRDA:73,3,0,0
BRF:4
BRH:2
end_of_record
TN:
SF:src\components\production\FailedScenes.jsx
FN:9,friendlyError
FN:25,FailedScenes
FN:39,toggleError
FN:43,handleEditRetry
FN:114,onClick
FN:122,onClick
FN:130,onClick
FN:138,onClick
FN:169,onChange
FN:177,onClick
FN:185,onClick
FNF:11
FNH:8
FNDA:30,friendlyError
FNDA:21,FailedScenes
FNDA:1,toggleError
FNDA:1,handleEditRetry
FNDA:1,onClick
FNDA:1,onClick
FNDA:1,onClick
FNDA:1,onClick
FNDA:0,onChange
FNDA:0,onClick
FNDA:0,onClick
DA:1,1
DA:9,30
DA:10,30
DA:11,30
DA:12,21
DA:13,30
DA:14,12
DA:15,12
DA:16,0
DA:17,0
DA:18,0
DA:19,0
DA:25,21
DA:26,21
DA:27,21
DA:28,21
DA:29,21
DA:30,21
DA:31,21
DA:32,21
DA:33,21
DA:34,21
DA:35,21
DA:37,21
DA:39,21
DA:40,1
DA:41,1
DA:43,21
DA:44,1
DA:46,0
DA:47,0
DA:48,0
DA:49,1
DA:50,1
DA:51,1
DA:52,1
DA:53,1
DA:55,21
DA:56,21
DA:58,21
DA:59,21
DA:60,21
DA:61,21
DA:62,21
DA:63,21
DA:64,21
DA:65,21
DA:66,21
DA:67,21
DA:68,21
DA:69,21
DA:70,21
DA:71,21
DA:73,21
DA:74,21
DA:75,21
DA:76,21
DA:77,21
DA:78,21
DA:79,21
DA:80,21
DA:81,21
DA:82,21
DA:84,21
DA:85,21
DA:86,21
DA:87,21
DA:88,21
DA:89,21
DA:92,21
DA:93,21
DA:94,30
DA:95,30
DA:96,30
DA:99,30
DA:100,30
DA:101,30
DA:102,30
DA:103,30
DA:104,30
DA:105,30
DA:106,30
DA:107,30
DA:108,30
DA:109,30
DA:110,30
DA:111,30
DA:112,30
DA:113,30
DA:114,30
DA:115,30
DA:116,30
DA:118,30
DA:119,30
DA:120,30
DA:121,30
DA:122,30
DA:123,30
DA:124,30
DA:126,30
DA:127,30
DA:128,30
DA:129,30
DA:130,30
DA:131,30
DA:132,30
DA:134,30
DA:135,30
DA:136,30
DA:137,30
DA:138,30
DA:139,30
DA:140,30
DA:142,30
DA:143,1
DA:145,29
DA:147,30
DA:148,30
DA:149,30
DA:152,30
DA:153,1
DA:154,1
DA:155,1
DA:156,1
DA:157,1
DA:158,1
DA:160,1
DA:164,30
DA:165,1
DA:166,1
DA:167,1
DA:168,1
DA:169,1
DA:170,1
DA:171,1
DA:172,1
DA:173,1
DA:174,1
DA:175,1
DA:176,1
DA:177,1
DA:178,1
DA:179,1
DA:181,1
DA:182,1
DA:183,1
DA:184,1
DA:185,1
DA:186,1
DA:188,1
DA:189,1
DA:190,1
DA:192,30
DA:193,21
DA:194,21
DA:197,21
DA:198,21
[...]
FN:148,mutationFn
FN:151,onSettled
FNF:23
FNH:20
FNDA:5,useGenerateScript
FNDA:3,mutationFn
FNDA:3,onMutate
FNDA:0,onError
FNDA:3,onSettled
FNDA:7,useApproveScript
FNDA:4,mutationFn
FNDA:4,onMutate
FNDA:1,onError
FNDA:4,onSettled
FNDA:5,useRejectScript
FNDA:3,mutationFn
FNDA:3,onMutate
FNDA:0,onError
FNDA:3,onSettled
FNDA:4,useRefineScript
FNDA:2,mutationFn
FNDA:2,onMutate
FNDA:0,onError
FNDA:2,onSettled
FNDA:4,useRegenPrompts
FNDA:2,mutationFn
FNDA:2,onSettled
DA:1,1
DA:2,1
DA:3,1
DA:4,1
DA:5,1
DA:6,1
DA:7,1
DA:8,1
DA:9,5
DA:10,5
DA:11,5
DA:12,5
DA:13,5
DA:14,5
DA:15,5
DA:16,3
DA:17,3
DA:18,3
DA:19,3
DA:20,3
DA:21,3
DA:22,3
DA:23,3
DA:24,5
DA:25,5
DA:26,5
DA:27,0
DA:28,0
DA:29,0
DA:30,5
DA:31,5
DA:32,5
DA:33,3
DA:34,5
DA:35,5
DA:36,5
DA:37,1
DA:38,1
DA:39,1
DA:40,1
DA:41,1
DA:42,1
DA:43,7
DA:44,7
DA:45,7
DA:46,7
DA:47,7
DA:48,7
DA:49,7
DA:50,4
DA:51,4
DA:52,4
DA:53,4
DA:54,4
DA:55,4
DA:56,4
DA:57,4
DA:58,7
DA:59,7
DA:60,7
DA:61,1
DA:62,1
DA:63,1
DA:64,7
DA:65,7
DA:66,7
DA:67,4
DA:68,7
DA:69,7
DA:70,7
DA:71,1
DA:72,1
DA:73,1
DA:74,1
DA:75,1
DA:76,1
DA:77,5
DA:78,5
DA:79,5
DA:80,5
DA:81,5
DA:82,5
DA:83,5
DA:84,3
DA:85,3
DA:86,3
DA:87,3
DA:88,3
DA:89,3
DA:90,3
DA:91,3
DA:92,5
DA:93,5
DA:94,5
DA:95,0
DA:96,0
DA:97,0
DA:98,5
DA:99,5
DA:100,5
DA:101,3
DA:102,5
DA:103,5
DA:104,5
DA:105,1
DA:106,1
DA:107,1
DA:108,1
DA:109,1
DA:110,1
DA:111,4
DA:112,4
DA:113,4
DA:114,4
DA:115,4
DA:116,4
DA:117,4
DA:118,2
DA:119,2
DA:120,2
DA:121,2
DA:122,2
DA:123,2
DA:124,2
DA:125,2
DA:126,4
DA:127,4
DA:128,4
DA:129,0
DA:130,0
DA:131,0
DA:132,4
DA:133,4
DA:134,4
DA:135,2
DA:136,4
DA:137,4
DA:138,4
DA:139,1
DA:140,1
DA:141,1
DA:142,1
DA:143,1
DA:144,1
DA:145,4
DA:146,4
DA:147,4
DA:148,4
DA:149,4
DA:150,4
DA:151,4
DA:152,2
DA:153,4
DA:154,4
DA:155,4
LF:155
LH:146
BRDA:8,0,0,5
BRDA:12,1,0,3
BRDA:15,2,0,3
BRDA:19,3,0,3
BRDA:20,4,0,1
BRDA:20,5,0,2
BRDA:32,6,0,3
BRDA:42,7,0,7
BRDA:46,8,0,4
BRDA:49,9,0,4
BRDA:53,10,0,4
BRDA:54,11,0,2
BRDA:54,12,0,2
BRDA:60,13,0,1
BRDA:66,14,0,4
BRDA:76,15,0,5
BRDA:80,16,0,3
BRDA:83,17,0,3
BRDA:87,18,0,3
BRDA:88,19,0,1
BRDA:88,20,0,2
BRDA:100,21,0,3
BRDA:110,22,0,4
BRDA:114,23,0,2
BRDA:117,24,0,2
BRDA:121,25,0,2
BRDA:122,26,0,0
BRDA:134,27,0,2
BRDA:144,28,0,4
BRDA:148,29,0,2
BRDA:151,30,0,2
BRF:31
BRH:30
end_of_record
TN:
SF:src\hooks\useShorts.js
FN:11,useShorts
FN:39,useShortsSummary
FN:78,useAnalyzeForClips
FN:82,mutationFn
FN:85,onSettled
FN:96,useApproveClip
FN:139,useSkipClip
FN:182,useBulkApproveClips
FN:226,useProduceClip
FN:244,useProduceAllApproved
FN:262,useUpdateClip
FN:305,useReproduceClip
FN:360,useCancelProduction
FNF:13
FNH:1
FNDA:0,useShorts
FNDA:0,useShortsSummary
FNDA:1,useAnalyzeForClips
FNDA:0,mutationFn
FNDA:0,onSettled
FNDA:0,useApproveClip
FNDA:0,useSkipClip
FNDA:0,useBulkApproveClips
FNDA:0,useProduceClip
FNDA:0,useProduceAllApproved
FNDA:0,useUpdateClip
FNDA:0,useReproduceClip
FNDA:0,useCancelProduction
DA:1,1
DA:2,1
DA:3,1
DA:4,1
DA:5,1
DA:6,1
DA:7,1
DA:8,1
DA:9,1
DA:10,1
DA:11,1
DA:12,0
DA:13,0
DA:14,0
DA:15,0
DA:16,0
DA:17,0
DA:18,0
DA:19,0
DA:20,0
DA:21,0
DA:22,0
DA:23,0
DA:24,0
DA:25,0
DA:26,0
DA:27,0
DA:28,0
DA:29,0
DA:30,0
DA:31,0
DA:32,0
DA:33,1
DA:34,1
DA:35,1
DA:36,1
DA:37,1
DA:38,1
DA:39,1
DA:40,0
DA:41,0
DA:42,0
DA:43,0
DA:44,0
DA:45,0
DA:46,0
DA:47,0
DA:48,0
DA:49,0
DA:50,0
DA:51,0
DA:52,0
DA:53,0
DA:54,0
DA:55,0
DA:56,0
DA:57,0
DA:58,0
DA:59,0
DA:60,0
DA:61,0
DA:62,0
DA:63,0
DA:64,0
DA:65,0
DA:66,0
DA:67,0
DA:68,0
DA:69,0
DA:70,0
DA:71,0
DA:72,0
DA:73,0
DA:74,1
DA:75,1
DA:76,1
DA:77,1
DA:78,1
DA:79,1
DA:80,1
DA:81,1
DA:82,1
DA:83,1
DA:84,1
DA:85,1
DA:86,0
DA:87,0
DA:88,1
DA:89,1
DA:90,1
DA:91,1
DA:92,1
DA:93,1
DA:94,1
DA:95,1
DA:96,1
DA:97,0
DA:98,0
DA:99,0
DA:100,0
DA:101,0
DA:102,0
DA:103,0
DA:104,0
DA:105,0
DA:106,0
DA:107,0
DA:108,0
DA:109,0
DA:110,0
DA:111,0
DA:112,0
DA:113,0
DA:114,0
DA:115,0
DA:116,0
DA:117,0
DA:118,0
DA:119,0
DA:120,0
DA:121,0
DA:122,0
DA:123,0
DA:124,0
DA:125,0
DA:126,0
DA:127,0
DA:128,0
DA:129,0
DA:130,0
DA:131,0
DA:132,0
DA:133,0
DA:134,1
DA:135,1
DA:136,1
DA:137,1
DA:138,1
DA:139,1
DA:140,0
DA:141,0
DA:142,0
DA:143,0
DA:144,0
DA:145,0
DA:146,0
DA:147,0
DA:148,0
DA:149,0
DA:150,0
DA:151,0
DA:152,0
DA:153,0
DA:154,0
DA:155,0
DA:156,0
DA:157,0
DA:158,0
DA:159,0
DA:160,0
DA:161,0
DA:162,0
DA:163,0
DA:164,0
DA:165,0
DA:166,0
DA:167,0
DA:168,0
DA:169,0
DA:170,0
DA:171,0
DA:172,0
DA:173,0
DA:174,0
DA:175,0
DA:176,0
DA:177,1
DA:178,1
DA:179,1
DA:180,1
DA:181,1
DA:182,1
DA:183,0
DA:184,0
DA:185,0
DA:186,0
DA:187,0
DA:188,0
DA:189,0
DA:190,0
DA:191,0
DA:192,0
DA:193,0
DA:194,0
DA:195,0
DA:196,0
DA:197,0
DA:198,0
DA:199,0
DA:200,0
DA:201,0
DA:202,0
DA:203,0
DA:204,0
DA:205,0
DA:206,0
DA:207,0
DA:208,0
DA:209,0
DA:210,0
DA:211,0
DA:212,0
DA:213,0
DA:214,0
DA:215,0
DA:216,0
DA:217,0
DA:218,0
DA:219,0
DA:220,0
DA:221,1
DA:222,1
DA:223,1
DA:224,1
DA:225,1
DA:226,1
DA:227,0
DA:228,0
DA:229,0
DA:230,0
DA:231,0
DA:232,0
DA:233,0
DA:234,0
DA:235,0
DA:236,0
DA:237,0
DA:238,0
DA:239,1
DA:240,1
DA:241,1
DA:242,1
DA:243,1
DA:244,1
DA:245,0
DA:246,0
DA:247,0
DA:248,0
DA:249,0
DA:250,0
DA:251,0
DA:252,0
DA:253,0
DA:254,0
DA:255,0
DA:256,0
DA:257,1
DA:258,1
DA:259,1
DA:260,1
DA:261,1
DA:262,1
DA:263,0
DA:264,0
DA:265,0
DA:266,0
DA:267,0
DA:268,0
DA:269,0
DA:270,0
DA:271,0
DA:272,0
DA:273,0
DA:274,0
DA:275,0
DA:276,0
DA:277,0
DA:278,0
DA:279,0
DA:280,0
DA:281,0
DA:282,0
DA:283,0
DA:284,0
DA:285,0
DA:286,0
DA:287,0
DA:288,0
DA:289,0
DA:290,0
DA:291,0
DA:292,0
DA:293,0
DA:294,0
DA:295,0
DA:296,0
DA:297,0
DA:298,0
DA:299,1
DA:300,1
DA:301,1
DA:302,1
DA:303,1
DA:304,1
DA:305,1
DA:306,0
DA:307,0
DA:308,0
DA:309,0
DA:310,0
DA:311,0
DA:312,0
DA:313,0
DA:314,0
DA:315,0
DA:316,0
DA:317,0
DA:318,0
DA:319,0
DA:320,0
DA:321,0
DA:322,0
DA:323,0
DA:324,0
DA:325,0
DA:326,0
DA:327,0
DA:328,0
DA:329,0
DA:330,0
DA:331,0
DA:332,0
DA:333,0
DA:334,0
DA:335,0
DA:336,0
DA:337,0
DA:338,0
DA:339,0
DA:340,0
DA:341,0
DA:342,0
DA:343,0
DA:344,0
DA:345,0
DA:346,0
DA:347,0
DA:348,0
DA:349,0
DA:350,0
DA:351,0
DA:352,0
DA:353,0
DA:354,1
DA:355,1
DA:356,1
DA:357,1
DA:358,1
DA:359,1
DA:360,1
DA:361,0
DA:362,0
DA:363,0
DA:364,0
DA:365,0
DA:366,0
DA:367,0
DA:368,0
DA:369,0
DA:370,0
DA:371,0
DA:372,0
DA:373,0
DA:374,0
DA:375,0
DA:376,0
DA:377,0
DA:378,0
DA:379,0
DA:380,0
DA:381,0
DA:382,0
DA:383,0
DA:384,0
DA:385,0
DA:386,0
DA:387,0
DA:388,0
DA:389,0
DA:390,0
DA:391,0
DA:392,0
DA:393,0
DA:394,0
DA:395,0
DA:396,0
DA:397,0
LF:397
LH:83
BRDA:78,0,0,1
BRF:1
BRH:1
end_of_record
TN:
SF:src\hooks\useSocialPosts.js
FN:11,useSocialPosts
FN:16,queryFn
FN:54,usePostClip
FN:58,mutationFn
FN:61,onSettled
FN:70,useAutoScheduleAll
FN:74,mutationFn
FN:77,onSettled
FN:86,useUpdateClipCaptions
FNF:9
FNH:4
FNDA:1,useSocialPosts
FNDA:1,queryFn
FNDA:1,usePostClip
FNDA:0,mutationFn
FNDA:0,onSettled
FNDA:1,useAutoScheduleAll
FNDA:0,mutationFn
FNDA:0,onSettled
FNDA:0,useUpdateClipCaptions
DA:1,1
DA:6,1
DA:7,1
DA:8,1
DA:9,1
DA:10,1
DA:11,1
DA:12,1
DA:14,1
DA:15,1
DA:16,1
DA:17,1
DA:18,1
DA:19,1
DA:20,1
DA:21,1
DA:23,0
DA:25,1
DA:27,1
DA:28,1
DA:29,0
DA:30,0
DA:31,0
DA:32,0
DA:33,0
DA:34,0
DA:35,0
DA:36,0
DA:37,1
DA:39,1
DA:40,1
DA:41,0
DA:42,0
DA:43,0
DA:44,1
DA:46,1
DA:47,1
DA:48,1
DA:49,1
DA:51,1
DA:52,1
DA:53,1
DA:54,1
DA:55,1
DA:57,1
DA:58,1
DA:59,1
DA:61,1
DA:62,0
DA:63,1
DA:64,1
DA:65,1
DA:67,1
DA:68,1
DA:69,1
DA:70,1
DA:71,1
DA:73,1
DA:74,1
DA:75,1
DA:77,1
DA:78,0
DA:79,1
DA:80,1
DA:81,1
DA:83,1
DA:84,1
DA:85,1
DA:86,1
DA:87,0
DA:89,0
DA:90,0
DA:91,0
DA:92,0
DA:93,0
DA:94,0
DA:96,0
DA:97,0
DA:98,0
DA:99,0
DA:101,0
DA:102,0
DA:104,0
DA:105,0
DA:106,0
DA:108,0
DA:109,0
DA:110,0
DA:111,0
DA:112,0
DA:113,0
DA:114,0
DA:115,0
DA:116,0
DA:117,0
DA:118,0
DA:119,0
DA:120,0
DA:121,0
DA:122,0
DA:123,0
DA:125,0
DA:126,0
DA:128,0
DA:129,0
DA:130,0
DA:131,0
DA:132,0
DA:134,0
DA:135,0
DA:136,0
DA:137,0
DA:138,0
LF:113
LH:55
BRDA:11,0,0,1
BRDA:16,1,0,1
BRDA:21,2,0,0
BRDA:54,3,0,1
BRDA:70,4,0,1
BRF:5
BRH:4
end_of_record
TN:
SF:src\hooks\useTheme.js
FN:1,(empty-report)
FNF:1
FNH:0
FNDA:0,(empty-report)
DA:1,0
DA:2,0
DA:3,0
DA:4,0
DA:5,0
DA:6,0
DA:7,0
DA:8,0
DA:9,0
DA:10,0
DA:11,0
DA:12,0
DA:13,0
DA:14,0
DA:15,0
DA:16,0
DA:17,0
DA:18,0
DA:19,0
DA:20,0
DA:21,0
DA:22,0
DA:23,0
DA:24,0
DA:25,0
DA:26,0
DA:27,0
DA:28,0
DA:29,0
DA:30,0
DA:31,0
DA:32,0
DA:33,0
DA:34,0
DA:35,0
DA:36,0
LF:36
LH:0
BRDA:1,0,0,0
BRF:1
BRH:0
end_of_record
TN:
SF:src\hooks\useTopics.js
FN:11,useTopics
FN:20,queryFn
FN:38,useApproveTopics
FN:42,mutationFn
FN:45,onMutate
FN:60,onError
FN:66,onSettled
FN:76,useRejectTopics
FN:80,mutationFn
FN:83,onMutate
FN:98,onError
FN:104,onSettled
FN:114,useRefineTopic
FN:118,mutationFn
FN:121,onMutate
FN:136,onError
FN:142,onSettled
FN:152,useEditTopic
FN:156,mutationFn
FN:159,onMutate
FN:174,onError
FN:180,onSettled
FN:190,useEditAvatar
FN:194,mutationFn
FN:197,onSettled
FNF:25
FNH:7
FNDA:13,useTopics
FNDA:13,queryFn
FNDA:6,useApproveTopics
FNDA:0,mutationFn
FNDA:0,onMutate
FNDA:0,onError
FNDA:0,onSettled
FNDA:6,useRejectTopics
FNDA:0,mutationFn
FNDA:0,onMutate
FNDA:0,onError
FNDA:0,onSettled
FNDA:6,useRefineTopic
FNDA:0,mutationFn
FNDA:0,onMutate
FNDA:0,onError
FNDA:0,onSettled
FNDA:6,useEditTopic
FNDA:0,mutationFn
FNDA:0,onMutate
FNDA:0,onError
FNDA:0,onSettled
FNDA:6,useEditAvatar
FNDA:0,mutationFn
FNDA:0,onSettled
DA:1,1
DA:2,1
DA:3,1
DA:4,1
DA:5,1
DA:6,1
DA:7,1
DA:8,1
DA:9,1
DA:10,1
DA:11,1
DA:12,13
DA:13,13
DA:14,13
DA:15,13
DA:16,13
DA:17,13
DA:18,13
DA:19,13
DA:20,13
DA:21,13
DA:22,13
DA:23,13
DA:24,13
DA:25,13
DA:26,13
DA:27,13
DA:28,13
DA:29,13
DA:30,13
DA:31,13
DA:32,13
DA:33,1
DA:34,1
DA:35,1
DA:36,1
DA:37,1
DA:38,1
DA:39,6
DA:40,6
DA:41,6
DA:42,6
DA:43,6
DA:44,6
DA:45,6
DA:46,0
DA:47,0
DA:48,0
DA:49,0
DA:50,0
DA:51,0
DA:52,0
DA:53,0
DA:54,0
DA:55,0
DA:56,0
DA:57,0
DA:58,6
DA:59,6
DA:60,6
DA:61,0
DA:62,0
DA:63,0
DA:64,6
DA:65,6
DA:66,6
DA:67,0
DA:68,6
DA:69,6
DA:70,6
DA:71,1
DA:72,1
DA:73,1
DA:74,1
DA:75,1
DA:76,1
DA:77,6
DA:78,6
DA:79,6
DA:80,6
DA:81,6
DA:82,6
DA:83,6
DA:84,0
DA:85,0
DA:86,0
DA:87,0
DA:88,0
DA:89,0
DA:90,0
DA:91,0
DA:92,0
DA:93,0
DA:94,0
DA:95,0
DA:96,6
DA:97,6
DA:98,6
DA:99,0
DA:100,0
DA:101,0
DA:102,6
DA:103,6
DA:104,6
DA:105,0
DA:106,6
DA:107,6
DA:108,6
DA:109,1
DA:110,1
DA:111,1
DA:112,1
DA:113,1
DA:114,1
DA:115,6
DA:116,6
DA:117,6
DA:118,6
DA:119,6
DA:120,6
DA:121,6
DA:122,0
DA:123,0
DA:124,0
DA:125,0
DA:126,0
DA:127,0
DA:128,0
DA:129,0
DA:130,0
DA:131,0
DA:132,0
DA:133,0
DA:134,6
DA:135,6
DA:136,6
DA:137,0
DA:138,0
DA:139,0
DA:140,6
DA:141,6
DA:142,6
DA:143,0
DA:144,6
DA:145,6
DA:146,6
DA:147,1
DA:148,1
DA:149,1
DA:150,1
DA:151,1
DA:152,1
DA:153,6
DA:154,6
DA:155,6
DA:156,6
DA:157,6
DA:158,6
DA:159,6
DA:160,0
DA:161,0
DA:162,0
DA:163,0
DA:164,0
DA:165,0
DA:166,0
DA:167,0
DA:168,0
DA:169,0
DA:170,0
DA:171,0
DA:172,6
DA:173,6
DA:174,6
DA:175,0
DA:176,0
DA:177,0
DA:178,6
DA:179,6
DA:180,6
DA:181,0
DA:182,6
DA:183,6
DA:184,6
DA:185,1
DA:186,1
DA:187,1
DA:188,1
DA:189,1
DA:190,1
DA:191,6
DA:192,6
DA:193,6
DA:194,6
DA:195,6
DA:196,6
DA:197,6
DA:198,0
DA:199,6
DA:200,6
DA:201,6
LF:201
LH:136
BRDA:11,0,0,13
BRDA:13,1,0,0
BRDA:14,2,0,0
BRDA:20,3,0,13
BRDA:27,4,0,0
BRDA:28,5,0,0
BRDA:38,6,0,6
BRDA:76,7,0,6
BRDA:114,8,0,6
BRDA:152,9,0,6
BRDA:190,10,0,6
BRF:11
BRH:7
end_of_record
TN:
SF:src\hooks\useVideoReview.js
FN:1,(empty-report)
FNF:1
FNH:0
FNDA:0,(empty-report)
DA:1,0
DA:2,0
DA:3,0
DA:4,0
DA:5,0
DA:6,0
DA:7,0
DA:8,0
DA:9,0
DA:10,0
DA:11,0
DA:12,0
DA:13,0
DA:14,0
DA:15,0
DA:16,0
DA:17,0
DA:18,0
DA:19,0
DA:20,0
DA:21,0
DA:22,0
DA:23,0
DA:24,0
DA:25,0
DA:26,0
DA:27,0
DA:28,0
DA:29,0
DA:30,0
DA:31,0
DA:32,0
DA:33,0
DA:34,0
DA:35,0
DA:36,0
DA:37,0
DA:38,0
DA:39,0
DA:40,0
DA:41,0
DA:42,0
DA:43,0
DA:44,0
DA:45,0
DA:46,0
DA:47,0
DA:48,0
DA:49,0
DA:50,0
DA:51,0
DA:52,0
DA:53,0
DA:54,0
DA:55,0
DA:56,0
LF:56
LH:0
BRDA:1,0,0,0
BRF:1
BRH:0
end_of_record
TN:
SF:src\hooks\useYouTubeDiscovery.js
FN:44,useLatestDiscoveryRun
FN:49,queryFn
FN:63,useDiscoveryResults
FN:66,queryFn
FN:85,useAllDiscoveryRuns
FN:88,queryFn
FN:100,useRunDiscovery
FN:104,mutationFn
FN:109,onSuccess
FN:111,poll
FN:121,onError
FN:127,useAnalyzeVideo
FN:131,mutationFn
FN:165,onSuccess
FN:169,onError
FN:175,useVideoAnalysis
FN:184,queryFn
FN:194,refetchInterval
FN:203,useAllAnalyses
FN:206,queryFn
FN:218,useCancelDiscovery
FN:222,mutationFn
FN:229,onSuccess
FNF:23
FNH:22
FNDA:10,useLatestDiscoveryRun
FNDA:8,queryFn
FNDA:18,useDiscoveryResults
FNDA:1,queryFn
FNDA:8,useAllDiscoveryRuns
FNDA:7,queryFn
FNDA:14,useRunDiscovery
FNDA:3,mutationFn
FNDA:2,onSuccess
FNDA:2,poll
FNDA:1,onError
FNDA:12,useAnalyzeVideo
FNDA:2,mutationFn
FNDA:2,onSuccess
FNDA:0,onError
FNDA:36,useVideoAnalysis
FNDA:18,queryFn
FNDA:110,refetchInterval
FNDA:9,useAllAnalyses
FNDA:8,queryFn
FNDA:10,useCancelDiscovery
FNDA:1,mutationFn
FNDA:1,onSuccess
DA:1,1
DA:7,1
DA:8,1
DA:9,1
DA:10,1
DA:11,1
DA:12,1
DA:13,1
DA:14,1
DA:15,1
DA:16,1
DA:17,1
DA:18,1
DA:19,1
DA:20,1
DA:21,1
DA:22,1
DA:23,1
DA:24,1
DA:25,1
DA:26,1
DA:27,1
DA:28,1
DA:29,1
DA:30,1
DA:31,1
DA:32,1
DA:33,1
DA:34,1
DA:35,1
DA:37,1
DA:38,1
DA:39,9
DA:40,1
DA:44,1
DA:45,10
DA:47,10
DA:48,10
DA:49,10
DA:50,8
DA:51,8
DA:52,8
DA:53,8
DA:54,8
DA:55,8
DA:56,8
DA:57,0
DA:58,0
DA:59,10
DA:60,10
DA:61,10
DA:63,1
DA:64,18
DA:65,18
DA:66,18
DA:67,1
DA:68,1
DA:69,1
DA:70,1
DA:71,1
DA:73,1
DA:74,0
DA:75,0
DA:77,1
DA:78,1
DA:79,1
DA:80,18
DA:81,18
DA:82,18
DA:83,18
DA:85,1
DA:86,8
DA:87,8
DA:88,8
DA:89,7
DA:90,7
DA:91,7
DA:92,7
DA:93,7
DA:94,7
DA:95,7
DA:96,8
DA:97,8
DA:98,8
DA:100,1
DA:101,14
DA:103,14
DA:104,14
DA:105,3
DA:106,3
DA:107,2
DA:108,14
DA:109,14
DA:110,2
DA:111,2
DA:112,2
DA:113,2
DA:114,0
DA:115,0
DA:116,0
DA:117,2
DA:118,2
DA:119,2
DA:120,14
DA:121,14
DA:122,1
DA:123,14
DA:124,14
DA:125,14
DA:127,1
DA:128,12
DA:130,12
DA:131,12
DA:132,2
DA:133,2
DA:134,2
DA:135,2
DA:136,2
DA:137,2
DA:138,2
DA:139,2
DA:140,2
DA:141,2
DA:142,2
DA:143,2
DA:144,2
DA:145,2
DA:146,2
DA:147,2
DA:148,2
DA:149,2
DA:150,2
DA:151,2
DA:153,2
DA:154,2
DA:155,2
DA:156,2
DA:157,2
DA:158,2
DA:159,2
DA:160,2
DA:161,2
DA:163,2
DA:164,12
DA:165,12
DA:166,2
DA:167,2
DA:168,12
DA:169,12
DA:170,0
DA:171,12
DA:172,12
DA:173,12
DA:175,1
DA:176,36
DA:177,36
DA:178,36
DA:179,36
DA:180,36
DA:182,36
DA:183,36
DA:184,36
DA:185,18
DA:186,18
DA:187,18
DA:188,18
DA:189,18
DA:190,18
DA:191,18
DA:192,36
DA:193,36
DA:194,36
DA:195,110
DA:196,110
DA:197,110
DA:198,110
DA:199,36
DA:200,36
DA:201,36
DA:203,1
DA:204,9
DA:205,9
DA:206,9
DA:207,8
DA:208,8
DA:209,8
DA:210,8
DA:211,8
DA:212,8
DA:213,8
DA:214,9
DA:215,9
DA:216,9
DA:218,1
DA:219,10
DA:221,10
DA:222,10
DA:223,1
DA:224,1
DA:225,1
DA:226,1
DA:227,1
DA:228,10
DA:229,10
DA:230,1
DA:231,1
DA:232,1
DA:233,10
DA:234,10
DA:235,10
LF:210
LH:202
BRDA:38,0,0,9
BRDA:39,1,0,27
BRDA:44,2,0,10
BRDA:49,3,0,8
BRDA:56,4,0,0
BRDA:63,5,0,18
BRDA:66,6,0,1
BRDA:73,7,0,0
BRDA:78,8,0,0
BRDA:85,9,0,8
BRDA:88,10,0,7
BRDA:94,11,0,0
BRDA:100,12,0,14
BRDA:104,13,0,3
BRDA:106,14,0,1
BRDA:106,15,0,0
BRDA:106,16,0,2
BRDA:109,17,0,2
BRDA:111,18,0,2
BRDA:112,19,0,0
BRDA:121,20,0,1
BRDA:127,21,0,12
BRDA:131,22,0,2
BRDA:151,23,0,0
BRDA:160,24,0,0
BRDA:160,25,0,18
BRDA:165,26,0,2
BRDA:175,27,0,36
BRDA:178,28,0,35
BRDA:178,29,0,1
BRDA:184,30,0,18
BRDA:190,31,0,0
BRDA:194,32,0,110
BRDA:195,33,0,35
BRDA:197,34,0,0
BRDA:203,35,0,9
BRDA:206,36,0,8
BRDA:212,37,0,0
BRDA:213,38,0,7
BRDA:218,39,0,10
BRDA:222,40,0,1
BRDA:227,41,0,0
BRDA:229,42,0,1
BRF:43
BRH:31
end_of_record
TN:
SF:src\lib\analyticsApi.js
FN:1,(empty-report)
FNF:1
FNH:0
FNDA:0,(empty-report)
DA:1,0
DA:2,0
DA:3,0
DA:4,0
DA:5,0
DA:6,0
DA:7,0
DA:8,0
DA:9,0
LF:9
LH:0
BRDA:1,0,0,0
BRF:1
BRH:0
end_of_record
TN:
SF:src\lib\api.js
FN:14,webhookCall
FN:56,createProject
FN:57,generateTopics
FN:62,generateScript
FN:63,approveScript
FN:64,rejectScript
FN:65,refineScript
FN:66,regenPrompts
FNF:8
FNH:4
FNDA:18,webhookCall
FNDA:0,createProject
FNDA:0,generateTopics
FNDA:1,generateScript
FNDA:1,approveScript
FNDA:1,rejectScript
FNDA:0,refineScript
FNDA:0,regenPrompts
DA:1,1
DA:2,1
DA:3,1
DA:4,1
DA:5,1
DA:6,1
DA:7,1
DA:8,1
DA:9,1
DA:10,1
DA:11,1
DA:12,1
DA:13,1
DA:14,1
DA:15,18
DA:16,18
DA:17,18
DA:18,18
DA:19,18
DA:20,18
DA:21,18
DA:22,18
DA:23,18
DA:24,18
DA:25,18
DA:26,18
DA:27,18
DA:28,18
DA:29,18
DA:30,15
DA:31,15
DA:32,15
DA:33,18
DA:34,6
DA:35,2
DA:36,2
DA:37,2
DA:38,6
DA:39,6
DA:40,6
DA:41,9
DA:42,9
DA:43,9
DA:44,18
DA:45,7
DA:46,7
DA:47,1
DA:48,1
DA:49,6
DA:50,6
DA:51,18
DA:52,1
DA:53,1
DA:54,1
DA:55,1
DA:56,1
DA:57,1
DA:58,1
DA:59,1
DA:60,1
DA:61,1
DA:62,1
DA:63,1
DA:64,1
DA:65,1
DA:66,1
LF:66
LH:66
BRDA:1,0,0,0
BRDA:2,1,0,0
BRDA:14,2,0,18
BRDA:30,3,0,15
BRDA:33,4,0,6
BRDA:35,5,0,2
BRDA:38,6,0,0
BRDA:41,7,0,9
BRDA:44,8,0,7
BRDA:46,9,0,6
BRDA:46,10,0,1
BRDA:62,11,0,1
BRDA:63,12,0,1
BRDA:64,13,0,1
BRF:14
BRH:11
end_of_record
TN:
SF:src\lib\productionApi.js
FN:9,triggerProduction
FN:10,triggerProductionBatch
FN:11,stopProduction
FN:12,resumeProduction
FN:13,restartProduction
FN:16,retryScene
FN:17,retryAllFailed
FN:18,skipScene
FN:19,skipAllFailed
FN:20,editAndRetryScene
FN:23,assembleVideo
FNF:11
FNH:11
FNDA:2,triggerProduction
FNDA:1,triggerProductionBatch
FNDA:1,stopProduction
FNDA:1,resumeProduction
FNDA:1,restartProduction
FNDA:1,retryScene
FNDA:1,retryAllFailed
FNDA:1,skipScene
FNDA:1,skipAllFailed
FNDA:1,editAndRetryScene
FNDA:1,assembleVideo
DA:1,1
DA:2,1
DA:3,1
DA:4,1
DA:5,1
DA:6,1
DA:7,1
DA:8,1
DA:9,1
DA:10,1
DA:11,1
DA:12,1
DA:13,1
DA:14,1
DA:15,1
DA:16,1
DA:17,1
DA:18,1
DA:19,1
DA:20,1
DA:21,1
DA:22,1
DA:23,1
LF:23
LH:23
BRDA:9,0,0,2
BRDA:10,1,0,1
BRDA:11,2,0,1
BRDA:12,3,0,1
BRDA:13,4,0,1
BRDA:16,5,0,1
BRDA:17,6,0,1
BRDA:18,7,0,1
BRDA:19,8,0,1
BRDA:20,9,0,1
BRDA:23,10,0,1
BRF:11
BRH:11
end_of_record
TN:
SF:src\lib\publishApi.js
FN:13,approveVideo
FN:17,rejectVideo
FN:21,publishVideo
FN:25,scheduleVideo
FN:29,batchPublish
FN:33,regenerateThumbnail
FN:37,updateMetadata
FN:41,retryUpload
FNF:8
FNH:0
FNDA:0,approveVideo
FNDA:0,rejectVideo
FNDA:0,publishVideo
FNDA:0,scheduleVideo
FNDA:0,batchPublish
FNDA:0,regenerateThumbnail
FNDA:0,updateMetadata
FNDA:0,retryUpload
DA:1,1
DA:2,1
DA:3,1
DA:4,1
DA:5,1
DA:6,1
DA:7,1
DA:8,1
DA:9,1
DA:10,1
DA:11,1
DA:12,1
DA:13,1
DA:14,1
DA:15,1
DA:16,1
DA:17,1
DA:18,1
DA:19,1
DA:20,1
DA:21,1
DA:22,1
DA:23,1
DA:24,1
DA:25,1
DA:26,1
DA:27,1
DA:28,1
DA:29,1
DA:30,1
DA:31,1
DA:32,1
DA:33,1
DA:34,1
DA:35,1
DA:36,1
DA:37,1
DA:38,1
DA:39,1
DA:40,1
DA:41,1
DA:42,1
LF:42
LH:42
BRF:0
BRH:0
end_of_record
TN:
SF:src\lib\queryClient.js
FNF:0
FNH:0
DA:1,1
DA:2,1
DA:3,1
DA:4,1
DA:5,1
DA:6,1
DA:7,1
DA:8,1
DA:9,1
DA:10,1
DA:11,1
LF:11
LH:11
BRF:0
BRH:0
end_of_record
TN:
SF:src\lib\settingsApi.js
FN:9,updateProjectSettings
FN:17,updatePrompt
FN:25,revertPrompt
FN:33,regenerateAllPrompts
FN:42,testPrompt
FN:50,resetAllTopics
FN:65,clearProductionData
FN:101,deleteProject
FNF:8
FNH:0
FNDA:0,updateProjectSettings
FNDA:0,updatePrompt
FNDA:0,revertPrompt
FNDA:0,regenerateAllPrompts
FNDA:0,testPrompt
FNDA:0,resetAllTopics
FNDA:0,clearProductionData
FNDA:0,deleteProject
DA:1,1
DA:2,1
DA:3,1
DA:4,1
DA:5,1
DA:6,1
DA:7,1
DA:8,1
DA:9,1
DA:10,1
DA:11,1
DA:12,1
DA:13,1
DA:14,1
DA:15,1
DA:16,1
DA:17,1
DA:18,1
DA:19,1
DA:20,1
DA:21,1
DA:22,1
DA:23,1
DA:24,1
DA:25,1
DA:26,1
DA:27,1
DA:28,1
DA:29,1
DA:30,1
DA:31,1
DA:32,1
DA:33,1
DA:34,1
DA:35,1
DA:36,1
DA:37,1
DA:38,1
DA:39,1
DA:40,1
DA:41,1
DA:42,1
DA:43,1
DA:44,1
DA:45,1
DA:46,1
DA:47,1
DA:48,1
DA:49,1
DA:50,1
DA:51,0
DA:52,0
DA:53,0
DA:54,0
DA:55,0
DA:56,0
DA:57,0
DA:58,0
DA:59,1
DA:60,1
DA:61,1
DA:62,1
DA:63,1
DA:64,1
DA:65,1
DA:66,0
DA:67,0
DA:68,0
DA:69,0
DA:70,0
DA:71,0
DA:72,0
DA:73,0
DA:74,0
DA:75,0
DA:76,0
DA:77,0
DA:78,0
DA:79,0
DA:80,0
DA:81,0
DA:82,0
DA:83,0
DA:84,0
DA:85,0
DA:86,0
DA:87,0
DA:88,0
DA:89,0
DA:90,0
DA:91,0
DA:92,0
DA:93,0
DA:94,0
DA:95,0
DA:96,1
DA:97,1
DA:98,1
DA:99,1
DA:100,1
DA:101,1
DA:102,0
DA:103,0
DA:104,0
DA:105,0
DA:106,0
DA:107,0
DA:108,0
DA:109,0
DA:110,0
DA:111,0
LF:111
LH:63
BRF:0
BRH:0
end_of_record
TN:
SF:src\lib\supabase.js
FNF:0
FNH:0
DA:1,1
DA:2,1
DA:3,1
DA:4,1
DA:5,1
DA:6,1
LF:6
LH:6
BRDA:3,0,0,0
BRDA:4,1,0,0
BRF:2
BRH:0
end_of_record
TN:
SF:src\lib\utils.js
FN:4,cn
FNF:1
FNH:1
FNDA:3917,cn
DA:1,1
DA:2,1
DA:3,1
DA:4,1
DA:5,3917
DA:6,3917
LF:6
LH:6
BRDA:4,0,0,3917
BRF:1
BRH:1
end_of_record
